#
# There is insufficient memory for the Java Runtime Environment to continue.
# Native memory allocation (mmap) failed to map 266338304 bytes for G1 virtual space
# Possible reasons:
#   The system is out of physical RAM or swap space
#   The process is running with CompressedOops enabled, and the Java Heap may be blocking the growth of the native heap
# Possible solutions:
#   Reduce memory load on the system
#   Increase physical memory or swap space
#   Check if swap backing store is full
#   Decrease Java heap size (-Xmx/-Xms)
#   Decrease number of Java threads
#   Decrease Java thread stack sizes (-Xss)
#   Set larger code cache with -XX:ReservedCodeCacheSize=
#   JVM is running with Zero Based Compressed Oops mode in which the Java heap is
#     placed in the first 32GB address space. The Java Heap base address is the
#     maximum limit for the native heap growth. Please use -XX:HeapBaseMinAddress
#     to set the Java Heap base and to place the Java Heap above 32GB virtual address.
# This output file may be truncated or incomplete.
#
#  Out of Memory Error (os_windows.cpp:3769), pid=7308, tid=15980
#
# JRE version:  (17.0.6) (build )
# Java VM: OpenJDK 64-Bit Server VM (17.0.6+0-b2043.56-10027231, mixed mode, sharing, tiered, compressed oops, compressed class ptrs, g1 gc, windows-amd64)
# No core dump will be written. Minidumps are not enabled by default on client versions of Windows
#

---------------  S U M M A R Y ------------

Command Line: 

Host: Intel(R) Core(TM) i7-10510U CPU @ 1.80GHz, 8 cores, 15G,  Windows 10 , 64 bit Build 19041 (10.0.19041.3636)
Time: Wed May  8 05:43:39 2024 Egypt Daylight Time elapsed time: 0.287728 seconds (0d 0h 0m 0s)

---------------  T H R E A D  ---------------

Current thread (0x000002152ba1db80):  JavaThread "Unknown thread" [_thread_in_vm, id=15980, stack(0x0000003605200000,0x0000003605300000)]

Stack: [0x0000003605200000,0x0000003605300000]
Native frames: (J=compiled Java code, j=interpreted, Vv=VM code, C=native code)
V  [jvm.dll+0x683c9a]
V  [jvm.dll+0x8427a4]
V  [jvm.dll+0x843f9e]
V  [jvm.dll+0x844603]
V  [jvm.dll+0x249b75]
V  [jvm.dll+0x680b69]
V  [jvm.dll+0x67505a]
V  [jvm.dll+0x309acb]
V  [jvm.dll+0x310f86]
V  [jvm.dll+0x3608ee]
V  [jvm.dll+0x360b1f]
V  [jvm.dll+0x2dfbf8]
V  [jvm.dll+0x2e0b64]
V  [jvm.dll+0x814091]
V  [jvm.dll+0x36e6a1]
V  [jvm.dll+0x7f35cc]
V  [jvm.dll+0x3f0e8f]
V  [jvm.dll+0x3f29d1]
C  [jli.dll+0x526b]
C  [ucrtbase.dll+0x21bb2]
C  [KERNEL32.DLL+0x17344]
C  [ntdll.dll+0x526b1]


---------------  P R O C E S S  ---------------

Threads class SMR info:
_java_thread_list=0x00007ffa9b7fc058, length=0, elements={
}

Java Threads: ( => current thread )

Other Threads:
  0x000002152dacd3f0 GCTaskThread "GC Thread#0" [stack: 0x0000003605400000,0x0000003605500000] [id=10620]
  0x000002152dade0c0 ConcurrentGCThread "G1 Main Marker" [stack: 0x0000003605500000,0x0000003605600000] [id=2624]
  0x000002152dadead0 ConcurrentGCThread "G1 Conc#0" [stack: 0x0000003605600000,0x0000003605700000] [id=2788]

[error occurred during error reporting (printing all threads), id 0xc0000005, EXCEPTION_ACCESS_VIOLATION (0xc0000005) at pc=0x00007ffa9afb0797]

VM state: not at safepoint (not fully initialized)

VM Mutex/Monitor currently owned by a thread:  ([mutex/lock_event])
[0x000002152da5fc60] Heap_lock - owner thread: 0x000002152ba1db80

Heap address: 0x0000000702600000, size: 4058 MB, Compressed Oops mode: Zero based, Oop shift amount: 3

CDS archive(s) mapped at: [0x0000000000000000-0x0000000000000000-0x0000000000000000), size 0, SharedBaseAddress: 0x0000000800000000, ArchiveRelocationMode: 0.
Narrow klass base: 0x0000000000000000, Narrow klass shift: 0, Narrow klass range: 0x0

GC Precious Log:
<Empty>

Heap:
 garbage-first heap   total 0K, used 0K [0x0000000702600000, 0x0000000800000000)
  region size 2048K, 0 young (0K), 0 survivors (0K)

[error occurred during error reporting (printing heap information), id 0xc0000005, EXCEPTION_ACCESS_VIOLATION (0xc0000005) at pc=0x00007ffa9b39da89]

GC Heap History (0 events):
No events

Dll operation events (1 events):
Event: 0.013 Loaded shared library C:\Program Files\Android\Android Studio\jbr\bin\java.dll

Deoptimization events (0 events):
No events

Classes unloaded (0 events):
No events

Classes redefined (0 events):
No events

Internal exceptions (0 events):
No events

VM Operations (0 events):
No events

Events (0 events):
No events


Dynamic libraries:
0x00007ff7d8850000 - 0x00007ff7d885a000 	C:\Program Files\Android\Android Studio\jbr\bin\java.EXE
0x00007ffb117f0000 - 0x00007ffb119e8000 	C:\WINDOWS\SYSTEM32\ntdll.dll
0x00007ffb104f0000 - 0x00007ffb105ad000 	C:\WINDOWS\System32\KERNEL32.DLL
0x00007ffb0f050000 - 0x00007ffb0f346000 	C:\WINDOWS\System32\KERNELBASE.dll
0x00007ffb0f6d0000 - 0x00007ffb0f7d0000 	C:\WINDOWS\System32\ucrtbase.dll
0x00007ffaf8900000 - 0x00007ffaf8917000 	C:\Program Files\Android\Android Studio\jbr\bin\jli.dll
0x00007ffb10270000 - 0x00007ffb1040f000 	C:\WINDOWS\System32\USER32.dll
0x00007ffb0f020000 - 0x00007ffb0f042000 	C:\WINDOWS\System32\win32u.dll
0x00007ffb0f8f0000 - 0x00007ffb0f91b000 	C:\WINDOWS\System32\GDI32.dll
0x00007ffb0f540000 - 0x00007ffb0f657000 	C:\WINDOWS\System32\gdi32full.dll
0x00007ffb0eea0000 - 0x00007ffb0ef3d000 	C:\WINDOWS\System32\msvcp_win.dll
0x00007ffae84a0000 - 0x00007ffae84bb000 	C:\Program Files\Android\Android Studio\jbr\bin\VCRUNTIME140.dll
0x00007ffaed740000 - 0x00007ffaed9da000 	C:\WINDOWS\WinSxS\amd64_microsoft.windows.common-controls_6595b64144ccf1df_6.0.19041.3636_none_60b6a03d71f818d5\COMCTL32.dll
0x00007ffb0f920000 - 0x00007ffb0f9be000 	C:\WINDOWS\System32\msvcrt.dll
0x00007ffb10610000 - 0x00007ffb10642000 	C:\WINDOWS\System32\IMM32.DLL
0x00007ffaedb50000 - 0x00007ffaedb5c000 	C:\Program Files\Android\Android Studio\jbr\bin\vcruntime140_1.dll
0x00007ffa9f9e0000 - 0x00007ffa9fa6d000 	C:\Program Files\Android\Android Studio\jbr\bin\msvcp140.dll
0x00007ffa9acc0000 - 0x00007ffa9b92e000 	C:\Program Files\Android\Android Studio\jbr\bin\server\jvm.dll
0x00007ffb10f70000 - 0x00007ffb11020000 	C:\WINDOWS\System32\ADVAPI32.dll
0x00007ffb106c0000 - 0x00007ffb10760000 	C:\WINDOWS\System32\sechost.dll
0x00007ffb111d0000 - 0x00007ffb112f3000 	C:\WINDOWS\System32\RPCRT4.dll
0x00007ffb0ef40000 - 0x00007ffb0ef67000 	C:\WINDOWS\System32\bcrypt.dll
0x00007ffb06b10000 - 0x00007ffb06b19000 	C:\WINDOWS\SYSTEM32\WSOCK32.dll
0x00007ffb10650000 - 0x00007ffb106bb000 	C:\WINDOWS\System32\WS2_32.dll
0x00007ffaf2450000 - 0x00007ffaf2477000 	C:\WINDOWS\SYSTEM32\WINMM.dll
0x00007ffb07450000 - 0x00007ffb0745a000 	C:\WINDOWS\SYSTEM32\VERSION.dll
0x00007ffb0d6c0000 - 0x00007ffb0d6d2000 	C:\WINDOWS\SYSTEM32\kernel.appcore.dll
0x00007ffaec2e0000 - 0x00007ffaec2ea000 	C:\Program Files\Android\Android Studio\jbr\bin\jimage.dll
0x00007ffb0cc30000 - 0x00007ffb0ce14000 	C:\WINDOWS\SYSTEM32\DBGHELP.DLL
0x00007ffaf6b20000 - 0x00007ffaf6b54000 	C:\WINDOWS\SYSTEM32\dbgcore.DLL
0x00007ffb0f4b0000 - 0x00007ffb0f532000 	C:\WINDOWS\System32\bcryptPrimitives.dll
0x00007ffae8470000 - 0x00007ffae8495000 	C:\Program Files\Android\Android Studio\jbr\bin\java.dll

dbghelp: loaded successfully - version: 4.0.5 - missing functions: none
symbol engine: initialized successfully - sym options: 0x614 - pdb path: .;C:\Program Files\Android\Android Studio\jbr\bin;C:\WINDOWS\SYSTEM32;C:\WINDOWS\WinSxS\amd64_microsoft.windows.common-controls_6595b64144ccf1df_6.0.19041.3636_none_60b6a03d71f818d5;C:\Program Files\Android\Android Studio\jbr\bin\server

VM Arguments:
java_command: <unknown>
java_class_path (initial): <not set>
Launcher Type: SUN_STANDARD

[Global flags]
     intx CICompilerCount                          = 4                                         {product} {ergonomic}
     uint ConcGCThreads                            = 2                                         {product} {ergonomic}
     uint G1ConcRefinementThreads                  = 8                                         {product} {ergonomic}
   size_t G1HeapRegionSize                         = 2097152                                   {product} {ergonomic}
    uintx GCDrainStackTargetSize                   = 64                                        {product} {ergonomic}
   size_t InitialHeapSize                          = 266338304                                 {product} {ergonomic}
   size_t MarkStackSize                            = 4194304                                   {product} {ergonomic}
   size_t MaxHeapSize                              = 4255121408                                {product} {ergonomic}
   size_t MinHeapDeltaBytes                        = 2097152                                   {product} {ergonomic}
   size_t MinHeapSize                              = 8388608                                   {product} {ergonomic}
    uintx NonNMethodCodeHeapSize                   = 5839372                                {pd product} {ergonomic}
    uintx NonProfiledCodeHeapSize                  = 122909434                              {pd product} {ergonomic}
    uintx ProfiledCodeHeapSize                     = 122909434                              {pd product} {ergonomic}
    uintx ReservedCodeCacheSize                    = 251658240                              {pd product} {ergonomic}
     bool SegmentedCodeCache                       = true                                      {product} {ergonomic}
   size_t SoftMaxHeapSize                          = 4255121408                             {manageable} {ergonomic}
     bool UseCompressedClassPointers               = true                           {product lp64_product} {ergonomic}
     bool UseCompressedOops                        = true                           {product lp64_product} {ergonomic}
     bool UseG1GC                                  = true                                      {product} {ergonomic}
     bool UseLargePagesIndividualAllocation        = false                                  {pd product} {ergonomic}

Logging:
Log output configuration:
 #0: stdout all=warning uptime,level,tags
 #1: stderr all=off uptime,level,tags

Environment Variables:
JAVA_HOME=C:\Program Files\Java\jdk1.8.0_202
PATH=C:\Python312\Scripts\;C:\Python312\;C:\Program Files (x86)\Common Files\Oracle\Java\javapath;C:\Users\CompuCloud\AppData\Local\Android\Sdk\platform-tools;C:\WINDOWS\system32;C:\WINDOWS;C:\WINDOWS\System32\Wbem;C:\WINDOWS\System32\WindowsPowerShell\v1.0\;C:\WINDOWS\System32\OpenSSH\;C:\Program Files\dotnet\;C:\Program Files\Java\jdk1.8.0_202\bin;C:\flutter\bin;C:\Program Files\nodejs\;C:\Program Files\Git\cmd;C:\Program Files\Microsoft SQL Server\130\Tools\Binn\;C:\Program Files\Microsoft SQL Server\Client SDK\ODBC\170\Tools\Binn\;C:\Program Files\Microsoft SQL Server\160\DTS\Binn\;C:\Program Files\Microsoft SQL Server\150\Tools\Binn\;C:\Program Files\Microsoft SQL Server\130\DTS\Binn\;C:\Program Files\Microsoft SQL Server\140\DTS\Binn\;C:\Program Files\Microsoft SQL Server\150\DTS\Binn\;C:\Program Files (x86)\Microsoft SQL Server\160\Tools\Binn\;C:\Program Files\Microsoft SQL Server\160\Tools\Binn\;C:\Program Files (x86)\Microsoft SQL Server\160\DTS\Binn\;C:\flutter\bin;C:\dart-sdk\bin;C:\Users\CompuCloud\AppData\Local\Microsoft\WindowsApps;C:\Users\CompuCloud\AppData\Local\Programs\Microsoft VS Code\bin;C:\Users\CompuCloud\.dotnet\tools;C:\Program Files\JetBrains\IntelliJ IDEA 2023.1.1\bin;;C:\Users\CompuCloud\AppData\Local\JetBrains\IntelliJ IDEA Community Edition 2023.2.1\bin;;C:\Users\CompuCloud\AppData\Roaming\npm;C:\flutter\bin\mingit\cmd;C:\flutter\bin\mingit\cmd
USERNAME=CompuCloud
OS=Windows_NT
PROCESSOR_IDENTIFIER=Intel64 Family 6 Model 142 Stepping 12, GenuineIntel
TMP=C:\Users\COMPUC~1\AppData\Local\Temp
TEMP=C:\Users\COMPUC~1\AppData\Local\Temp


JNI global refs:

[error occurred during error reporting (JNI global references), id 0xc0000005, EXCEPTION_ACCESS_VIOLATION (0xc0000005) at pc=0x00007ffa9ad77a10]


---------------  S Y S T E M  ---------------

OS:
 Windows 10 , 64 bit Build 19041 (10.0.19041.3636)
OS uptime: 11 days 11:25 hours

CPU: total 8 (initial active 8) (4 cores per cpu, 2 threads per core) family 6 model 142 stepping 12 microcode 0xfa, cx8, cmov, fxsr, ht, mmx, 3dnowpref, sse, sse2, sse3, ssse3, sse4.1, sse4.2, popcnt, lzcnt, tsc, tscinvbit, avx, avx2, aes, erms, clmul, bmi1, bmi2, adx, fma, vzeroupper, clflush, clflushopt

Memory: 4k page, system-wide physical 16230M (2929M free)
TotalPageFile size 18278M (AvailPageFile size 22M)
current process WorkingSet (physical memory assigned to process): 10M, peak: 10M
current process commit charge ("private bytes"): 60M, peak: 314M

vm_info: OpenJDK 64-Bit Server VM (17.0.6+0-b2043.56-10027231) for windows-amd64 JRE (17.0.6+0-b2043.56-10027231), built on Apr 28 2023 00:43:19 by "androidbuild" with MS VC++ 16.10 / 16.11 (VS2019)

END.
