#
# There is insufficient memory for the Java Runtime Environment to continue.
# Native memory allocation (malloc) failed to allocate 32744 bytes for ChunkPool::allocate
# Possible reasons:
#   The system is out of physical RAM or swap space
#   The process is running with CompressedOops enabled, and the Java Heap may be blocking the growth of the native heap
# Possible solutions:
#   Reduce memory load on the system
#   Increase physical memory or swap space
#   Check if swap backing store is full
#   Decrease Java heap size (-Xmx/-Xms)
#   Decrease number of Java threads
#   Decrease Java thread stack sizes (-Xss)
#   Set larger code cache with -XX:ReservedCodeCacheSize=
#   JVM is running with Zero Based Compressed Oops mode in which the Java heap is
#     placed in the first 32GB address space. The Java Heap base address is the
#     maximum limit for the native heap growth. Please use -XX:HeapBaseMinAddress
#     to set the Java Heap base and to place the Java Heap above 32GB virtual address.
# This output file may be truncated or incomplete.
#
#  Out of Memory Error (arena.cpp:78), pid=16448, tid=1368
#
# JRE version: OpenJDK Runtime Environment (17.0.6) (build 17.0.6+0-b2043.56-10027231)
# Java VM: OpenJDK 64-Bit Server VM (17.0.6+0-b2043.56-10027231, mixed mode, tiered, compressed oops, compressed class ptrs, g1 gc, windows-amd64)
# No core dump will be written. Minidumps are not enabled by default on client versions of Windows
#

---------------  S U M M A R Y ------------

Command Line: -Dorg.gradle.appname=gradlew org.gradle.wrapper.GradleWrapperMain -q -Ptarget-platform=android-x64 -Ptarget=D:\motherly_moments\lib\main.dart -Pbase-application-name=android.app.Application -Pdart-defines=RkxVVFRFUl9XRUJfQVVUT19ERVRFQ1Q9dHJ1ZQ==,RkxVVFRFUl9XRUJfQ0FOVkFTS0lUX1VSTD1odHRwczovL3d3dy5nc3RhdGljLmNvbS9mbHV0dGVyLWNhbnZhc2tpdC9iZDk4NmM1ZWQyMGE2MmRjMzRiNzcxOGM1MGFiYzc4MmJlYWU0YzMzLw== -Pdart-obfuscation=false -Ptrack-widget-creation=true -Ptree-shake-icons=false -Pfilesystem-scheme=org-dartlang-root assembleDebug

Host: Intel(R) Core(TM) i7-10510U CPU @ 1.80GHz, 8 cores, 15G,  Windows 10 , 64 bit Build 19041 (10.0.19041.3636)
Time: Tue May  7 03:13:35 2024 Egypt Daylight Time elapsed time: 7.213961 seconds (0d 0h 0m 7s)

---------------  T H R E A D  ---------------

Current thread (0x0000020af6cafaa0):  JavaThread "C1 CompilerThread0" daemon [_thread_in_native, id=1368, stack(0x0000002ca7100000,0x0000002ca7200000)]


Current CompileTask:
C1:   7214 1157       3       org.gradle.internal.logging.text.AbstractLineChoppingStyledTextOutput$1::execute (140 bytes)

Stack: [0x0000002ca7100000,0x0000002ca7200000]
Native frames: (J=compiled Java code, j=interpreted, Vv=VM code, C=native code)
V  [jvm.dll+0x683c9a]
V  [jvm.dll+0x8427a4]
V  [jvm.dll+0x843f9e]
V  [jvm.dll+0x844603]
V  [jvm.dll+0x249b75]
V  [jvm.dll+0xabecc]
V  [jvm.dll+0xac27c]
V  [jvm.dll+0x17cad1]
V  [jvm.dll+0x17f5b9]
V  [jvm.dll+0x17fbb0]
V  [jvm.dll+0x17fa40]
V  [jvm.dll+0x177f2f]
V  [jvm.dll+0x176f06]
V  [jvm.dll+0x18066b]
V  [jvm.dll+0x178108]
V  [jvm.dll+0x17b82f]
V  [jvm.dll+0x135f83]
V  [jvm.dll+0x13587f]
V  [jvm.dll+0x135ab6]
V  [jvm.dll+0x134f4a]
V  [jvm.dll+0x136c11]
V  [jvm.dll+0x22b098]
V  [jvm.dll+0x229159]
V  [jvm.dll+0x7f81ec]
V  [jvm.dll+0x7f274a]
V  [jvm.dll+0x682ad5]
C  [ucrtbase.dll+0x21bb2]
C  [KERNEL32.DLL+0x17344]
C  [ntdll.dll+0x526b1]


---------------  P R O C E S S  ---------------

Threads class SMR info:
_java_thread_list=0x0000020af8004bc0, length=15, elements={
0x0000020ad77e6a00, 0x0000020af6c40040, 0x0000020af6c41dd0, 0x0000020af6c8ca20,
0x0000020af6c90400, 0x0000020af6c90cc0, 0x0000020af6c91580, 0x0000020af6c92630,
0x0000020af6cafaa0, 0x0000020af6cd23c0, 0x0000020af6e222b0, 0x0000020af6e2afb0,
0x0000020af8a1c8a0, 0x0000020af8011410, 0x0000020af8832040
}

Java Threads: ( => current thread )
  0x0000020ad77e6a00 JavaThread "main" [_thread_in_native, id=13268, stack(0x0000002ca6300000,0x0000002ca6400000)]
  0x0000020af6c40040 JavaThread "Reference Handler" daemon [_thread_blocked, id=13640, stack(0x0000002ca6a00000,0x0000002ca6b00000)]
  0x0000020af6c41dd0 JavaThread "Finalizer" daemon [_thread_blocked, id=13772, stack(0x0000002ca6b00000,0x0000002ca6c00000)]
  0x0000020af6c8ca20 JavaThread "Signal Dispatcher" daemon [_thread_blocked, id=17352, stack(0x0000002ca6c00000,0x0000002ca6d00000)]
  0x0000020af6c90400 JavaThread "Attach Listener" daemon [_thread_blocked, id=5644, stack(0x0000002ca6d00000,0x0000002ca6e00000)]
  0x0000020af6c90cc0 JavaThread "Service Thread" daemon [_thread_blocked, id=5364, stack(0x0000002ca6e00000,0x0000002ca6f00000)]
  0x0000020af6c91580 JavaThread "Monitor Deflation Thread" daemon [_thread_blocked, id=2144, stack(0x0000002ca6f00000,0x0000002ca7000000)]
  0x0000020af6c92630 JavaThread "C2 CompilerThread0" daemon [_thread_blocked, id=14260, stack(0x0000002ca7000000,0x0000002ca7100000)]
=>0x0000020af6cafaa0 JavaThread "C1 CompilerThread0" daemon [_thread_in_native, id=1368, stack(0x0000002ca7100000,0x0000002ca7200000)]
  0x0000020af6cd23c0 JavaThread "Sweeper thread" daemon [_thread_blocked, id=3924, stack(0x0000002ca7200000,0x0000002ca7300000)]
  0x0000020af6e222b0 JavaThread "Notification Thread" daemon [_thread_blocked, id=11900, stack(0x0000002ca7300000,0x0000002ca7400000)]
  0x0000020af6e2afb0 JavaThread "Common-Cleaner" daemon [_thread_blocked, id=15440, stack(0x0000002ca7500000,0x0000002ca7600000)]
  0x0000020af8a1c8a0 JavaThread "pool-1-thread-1" [_thread_blocked, id=16296, stack(0x0000002ca7c00000,0x0000002ca7d00000)]
  0x0000020af8011410 JavaThread "DisconnectableInputStream source reader" daemon [_thread_in_native, id=8056, stack(0x0000002ca7d00000,0x0000002ca7e00000)]
  0x0000020af8832040 JavaThread "Forward input" [_thread_blocked, id=16520, stack(0x0000002ca7e00000,0x0000002ca7f00000)]

Other Threads:
  0x0000020af619d3c0 VMThread "VM Thread" [stack: 0x0000002ca6900000,0x0000002ca6a00000] [id=11252]
  0x0000020ad786bb70 WatcherThread [stack: 0x0000002ca7400000,0x0000002ca7500000] [id=16088]
  0x0000020ad78527a0 GCTaskThread "GC Thread#0" [stack: 0x0000002ca6400000,0x0000002ca6500000] [id=17196]
  0x0000020af8131470 GCTaskThread "GC Thread#1" [stack: 0x0000002ca7700000,0x0000002ca7800000] [id=7468]
  0x0000020af83ecfb0 GCTaskThread "GC Thread#2" [stack: 0x0000002ca7800000,0x0000002ca7900000] [id=16408]
  0x0000020af828f530 GCTaskThread "GC Thread#3" [stack: 0x0000002ca7900000,0x0000002ca7a00000] [id=12672]
  0x0000020af828f7e0 GCTaskThread "GC Thread#4" [stack: 0x0000002ca7a00000,0x0000002ca7b00000] [id=15056]
  0x0000020af767cd90 GCTaskThread "GC Thread#5" [stack: 0x0000002ca7b00000,0x0000002ca7c00000] [id=16976]
  0x0000020ad7863380 ConcurrentGCThread "G1 Main Marker" [stack: 0x0000002ca6500000,0x0000002ca6600000] [id=1884]
  0x0000020ad7863ca0 ConcurrentGCThread "G1 Conc#0" [stack: 0x0000002ca6600000,0x0000002ca6700000] [id=1300]
  0x0000020af60344f0 ConcurrentGCThread "G1 Refine#0" [stack: 0x0000002ca6700000,0x0000002ca6800000] [id=10864]
  0x0000020af6034e20 ConcurrentGCThread "G1 Service" [stack: 0x0000002ca6800000,0x0000002ca6900000] [id=15704]

Threads with active compile tasks:
C1 CompilerThread0     7247 1157       3       org.gradle.internal.logging.text.AbstractLineChoppingStyledTextOutput$1::execute (140 bytes)

VM state: not at safepoint (normal execution)

VM Mutex/Monitor currently owned by a thread: None

Heap address: 0x0000000702600000, size: 4058 MB, Compressed Oops mode: Zero based, Oop shift amount: 3

CDS archive(s) not mapped
Compressed class space mapped at: 0x0000000800000000-0x0000000840000000, reserved size: 1073741824
Narrow klass base: 0x0000000800000000, Narrow klass shift: 0, Narrow klass range: 0x40000000

GC Precious Log:
 CPUs: 8 total, 8 available
 Memory: 16230M
 Large Page Support: Disabled
 NUMA Support: Disabled
 Compressed Oops: Enabled (Zero based)
 Heap Region Size: 2M
 Heap Min Capacity: 8M
 Heap Initial Capacity: 254M
 Heap Max Capacity: 4058M
 Pre-touch: Disabled
 Parallel Workers: 8
 Concurrent Workers: 2
 Concurrent Refinement Workers: 8
 Periodic GC: Disabled

Heap:
 garbage-first heap   total 260096K, used 24297K [0x0000000702600000, 0x0000000800000000)
  region size 2048K, 10 young (20480K), 2 survivors (4096K)
 Metaspace       used 16134K, committed 16320K, reserved 1064960K
  class space    used 1887K, committed 1984K, reserved 1048576K

Heap Regions: E=young(eden), S=young(survivor), O=old, HS=humongous(starts), HC=humongous(continues), CS=collection set, F=free, OA=open archive, CA=closed archive, TAMS=top-at-mark-start (previous, next)
|   0|0x0000000702600000, 0x0000000702600000, 0x0000000702800000|  0%| F|  |TAMS 0x0000000702600000, 0x0000000702600000| Untracked 
|   1|0x0000000702800000, 0x0000000702800000, 0x0000000702a00000|  0%| F|  |TAMS 0x0000000702800000, 0x0000000702800000| Untracked 
|   2|0x0000000702a00000, 0x0000000702c00000, 0x0000000702c00000|100%|HS|  |TAMS 0x0000000702a00000, 0x0000000702a00000| Complete 
|   3|0x0000000702c00000, 0x0000000702e00000, 0x0000000702e00000|100%|HC|  |TAMS 0x0000000702c00000, 0x0000000702c00000| Complete 
|   4|0x0000000702e00000, 0x0000000702fba600, 0x0000000703000000| 86%| O|  |TAMS 0x0000000702e00000, 0x0000000702e00000| Untracked 
|   5|0x0000000703000000, 0x0000000703000000, 0x0000000703200000|  0%| F|  |TAMS 0x0000000703000000, 0x0000000703000000| Untracked 
|   6|0x0000000703200000, 0x0000000703200000, 0x0000000703400000|  0%| F|  |TAMS 0x0000000703200000, 0x0000000703200000| Untracked 
|   7|0x0000000703400000, 0x0000000703400000, 0x0000000703600000|  0%| F|  |TAMS 0x0000000703400000, 0x0000000703400000| Untracked 
|   8|0x0000000703600000, 0x0000000703600000, 0x0000000703800000|  0%| F|  |TAMS 0x0000000703600000, 0x0000000703600000| Untracked 
|   9|0x0000000703800000, 0x0000000703800000, 0x0000000703a00000|  0%| F|  |TAMS 0x0000000703800000, 0x0000000703800000| Untracked 
|  10|0x0000000703a00000, 0x0000000703a00000, 0x0000000703c00000|  0%| F|  |TAMS 0x0000000703a00000, 0x0000000703a00000| Untracked 
|  11|0x0000000703c00000, 0x0000000703c00000, 0x0000000703e00000|  0%| F|  |TAMS 0x0000000703c00000, 0x0000000703c00000| Untracked 
|  12|0x0000000703e00000, 0x0000000703e00000, 0x0000000704000000|  0%| F|  |TAMS 0x0000000703e00000, 0x0000000703e00000| Untracked 
|  13|0x0000000704000000, 0x0000000704000000, 0x0000000704200000|  0%| F|  |TAMS 0x0000000704000000, 0x0000000704000000| Untracked 
|  14|0x0000000704200000, 0x0000000704200000, 0x0000000704400000|  0%| F|  |TAMS 0x0000000704200000, 0x0000000704200000| Untracked 
|  15|0x0000000704400000, 0x0000000704400000, 0x0000000704600000|  0%| F|  |TAMS 0x0000000704400000, 0x0000000704400000| Untracked 
|  16|0x0000000704600000, 0x0000000704600000, 0x0000000704800000|  0%| F|  |TAMS 0x0000000704600000, 0x0000000704600000| Untracked 
|  17|0x0000000704800000, 0x0000000704800000, 0x0000000704a00000|  0%| F|  |TAMS 0x0000000704800000, 0x0000000704800000| Untracked 
|  18|0x0000000704a00000, 0x0000000704a00000, 0x0000000704c00000|  0%| F|  |TAMS 0x0000000704a00000, 0x0000000704a00000| Untracked 
|  19|0x0000000704c00000, 0x0000000704c00000, 0x0000000704e00000|  0%| F|  |TAMS 0x0000000704c00000, 0x0000000704c00000| Untracked 
|  20|0x0000000704e00000, 0x0000000704e00000, 0x0000000705000000|  0%| F|  |TAMS 0x0000000704e00000, 0x0000000704e00000| Untracked 
|  21|0x0000000705000000, 0x0000000705000000, 0x0000000705200000|  0%| F|  |TAMS 0x0000000705000000, 0x0000000705000000| Untracked 
|  22|0x0000000705200000, 0x0000000705200000, 0x0000000705400000|  0%| F|  |TAMS 0x0000000705200000, 0x0000000705200000| Untracked 
|  23|0x0000000705400000, 0x0000000705400000, 0x0000000705600000|  0%| F|  |TAMS 0x0000000705400000, 0x0000000705400000| Untracked 
|  24|0x0000000705600000, 0x0000000705600000, 0x0000000705800000|  0%| F|  |TAMS 0x0000000705600000, 0x0000000705600000| Untracked 
|  25|0x0000000705800000, 0x0000000705800000, 0x0000000705a00000|  0%| F|  |TAMS 0x0000000705800000, 0x0000000705800000| Untracked 
|  26|0x0000000705a00000, 0x0000000705a00000, 0x0000000705c00000|  0%| F|  |TAMS 0x0000000705a00000, 0x0000000705a00000| Untracked 
|  27|0x0000000705c00000, 0x0000000705c00000, 0x0000000705e00000|  0%| F|  |TAMS 0x0000000705c00000, 0x0000000705c00000| Untracked 
|  28|0x0000000705e00000, 0x0000000705e00000, 0x0000000706000000|  0%| F|  |TAMS 0x0000000705e00000, 0x0000000705e00000| Untracked 
|  29|0x0000000706000000, 0x0000000706000000, 0x0000000706200000|  0%| F|  |TAMS 0x0000000706000000, 0x0000000706000000| Untracked 
|  30|0x0000000706200000, 0x0000000706200000, 0x0000000706400000|  0%| F|  |TAMS 0x0000000706200000, 0x0000000706200000| Untracked 
|  31|0x0000000706400000, 0x0000000706400000, 0x0000000706600000|  0%| F|  |TAMS 0x0000000706400000, 0x0000000706400000| Untracked 
|  32|0x0000000706600000, 0x0000000706600000, 0x0000000706800000|  0%| F|  |TAMS 0x0000000706600000, 0x0000000706600000| Untracked 
|  33|0x0000000706800000, 0x0000000706800000, 0x0000000706a00000|  0%| F|  |TAMS 0x0000000706800000, 0x0000000706800000| Untracked 
|  34|0x0000000706a00000, 0x0000000706a00000, 0x0000000706c00000|  0%| F|  |TAMS 0x0000000706a00000, 0x0000000706a00000| Untracked 
|  35|0x0000000706c00000, 0x0000000706c00000, 0x0000000706e00000|  0%| F|  |TAMS 0x0000000706c00000, 0x0000000706c00000| Untracked 
|  36|0x0000000706e00000, 0x0000000706e00000, 0x0000000707000000|  0%| F|  |TAMS 0x0000000706e00000, 0x0000000706e00000| Untracked 
|  37|0x0000000707000000, 0x0000000707000000, 0x0000000707200000|  0%| F|  |TAMS 0x0000000707000000, 0x0000000707000000| Untracked 
|  38|0x0000000707200000, 0x0000000707200000, 0x0000000707400000|  0%| F|  |TAMS 0x0000000707200000, 0x0000000707200000| Untracked 
|  39|0x0000000707400000, 0x0000000707400000, 0x0000000707600000|  0%| F|  |TAMS 0x0000000707400000, 0x0000000707400000| Untracked 
|  40|0x0000000707600000, 0x0000000707600000, 0x0000000707800000|  0%| F|  |TAMS 0x0000000707600000, 0x0000000707600000| Untracked 
|  41|0x0000000707800000, 0x0000000707800000, 0x0000000707a00000|  0%| F|  |TAMS 0x0000000707800000, 0x0000000707800000| Untracked 
|  42|0x0000000707a00000, 0x0000000707a00000, 0x0000000707c00000|  0%| F|  |TAMS 0x0000000707a00000, 0x0000000707a00000| Untracked 
|  43|0x0000000707c00000, 0x0000000707c00000, 0x0000000707e00000|  0%| F|  |TAMS 0x0000000707c00000, 0x0000000707c00000| Untracked 
|  44|0x0000000707e00000, 0x0000000707e00000, 0x0000000708000000|  0%| F|  |TAMS 0x0000000707e00000, 0x0000000707e00000| Untracked 
|  45|0x0000000708000000, 0x0000000708000000, 0x0000000708200000|  0%| F|  |TAMS 0x0000000708000000, 0x0000000708000000| Untracked 
|  46|0x0000000708200000, 0x0000000708200000, 0x0000000708400000|  0%| F|  |TAMS 0x0000000708200000, 0x0000000708200000| Untracked 
|  47|0x0000000708400000, 0x0000000708400000, 0x0000000708600000|  0%| F|  |TAMS 0x0000000708400000, 0x0000000708400000| Untracked 
|  48|0x0000000708600000, 0x0000000708600000, 0x0000000708800000|  0%| F|  |TAMS 0x0000000708600000, 0x0000000708600000| Untracked 
|  49|0x0000000708800000, 0x0000000708800000, 0x0000000708a00000|  0%| F|  |TAMS 0x0000000708800000, 0x0000000708800000| Untracked 
|  50|0x0000000708a00000, 0x0000000708a00000, 0x0000000708c00000|  0%| F|  |TAMS 0x0000000708a00000, 0x0000000708a00000| Untracked 
|  51|0x0000000708c00000, 0x0000000708c00000, 0x0000000708e00000|  0%| F|  |TAMS 0x0000000708c00000, 0x0000000708c00000| Untracked 
|  52|0x0000000708e00000, 0x0000000708e00000, 0x0000000709000000|  0%| F|  |TAMS 0x0000000708e00000, 0x0000000708e00000| Untracked 
|  53|0x0000000709000000, 0x0000000709000000, 0x0000000709200000|  0%| F|  |TAMS 0x0000000709000000, 0x0000000709000000| Untracked 
|  54|0x0000000709200000, 0x0000000709200000, 0x0000000709400000|  0%| F|  |TAMS 0x0000000709200000, 0x0000000709200000| Untracked 
|  55|0x0000000709400000, 0x0000000709400000, 0x0000000709600000|  0%| F|  |TAMS 0x0000000709400000, 0x0000000709400000| Untracked 
|  56|0x0000000709600000, 0x0000000709600000, 0x0000000709800000|  0%| F|  |TAMS 0x0000000709600000, 0x0000000709600000| Untracked 
|  57|0x0000000709800000, 0x0000000709800000, 0x0000000709a00000|  0%| F|  |TAMS 0x0000000709800000, 0x0000000709800000| Untracked 
|  58|0x0000000709a00000, 0x0000000709a00000, 0x0000000709c00000|  0%| F|  |TAMS 0x0000000709a00000, 0x0000000709a00000| Untracked 
|  59|0x0000000709c00000, 0x0000000709c00000, 0x0000000709e00000|  0%| F|  |TAMS 0x0000000709c00000, 0x0000000709c00000| Untracked 
|  60|0x0000000709e00000, 0x0000000709e00000, 0x000000070a000000|  0%| F|  |TAMS 0x0000000709e00000, 0x0000000709e00000| Untracked 
|  61|0x000000070a000000, 0x000000070a000000, 0x000000070a200000|  0%| F|  |TAMS 0x000000070a000000, 0x000000070a000000| Untracked 
|  62|0x000000070a200000, 0x000000070a200000, 0x000000070a400000|  0%| F|  |TAMS 0x000000070a200000, 0x000000070a200000| Untracked 
|  63|0x000000070a400000, 0x000000070a400000, 0x000000070a600000|  0%| F|  |TAMS 0x000000070a400000, 0x000000070a400000| Untracked 
|  64|0x000000070a600000, 0x000000070a600000, 0x000000070a800000|  0%| F|  |TAMS 0x000000070a600000, 0x000000070a600000| Untracked 
|  65|0x000000070a800000, 0x000000070a800000, 0x000000070aa00000|  0%| F|  |TAMS 0x000000070a800000, 0x000000070a800000| Untracked 
|  66|0x000000070aa00000, 0x000000070aa00000, 0x000000070ac00000|  0%| F|  |TAMS 0x000000070aa00000, 0x000000070aa00000| Untracked 
|  67|0x000000070ac00000, 0x000000070ac00000, 0x000000070ae00000|  0%| F|  |TAMS 0x000000070ac00000, 0x000000070ac00000| Untracked 
|  68|0x000000070ae00000, 0x000000070ae00000, 0x000000070b000000|  0%| F|  |TAMS 0x000000070ae00000, 0x000000070ae00000| Untracked 
|  69|0x000000070b000000, 0x000000070b000000, 0x000000070b200000|  0%| F|  |TAMS 0x000000070b000000, 0x000000070b000000| Untracked 
|  70|0x000000070b200000, 0x000000070b200000, 0x000000070b400000|  0%| F|  |TAMS 0x000000070b200000, 0x000000070b200000| Untracked 
|  71|0x000000070b400000, 0x000000070b400000, 0x000000070b600000|  0%| F|  |TAMS 0x000000070b400000, 0x000000070b400000| Untracked 
|  72|0x000000070b600000, 0x000000070b600000, 0x000000070b800000|  0%| F|  |TAMS 0x000000070b600000, 0x000000070b600000| Untracked 
|  73|0x000000070b800000, 0x000000070b800000, 0x000000070ba00000|  0%| F|  |TAMS 0x000000070b800000, 0x000000070b800000| Untracked 
|  74|0x000000070ba00000, 0x000000070ba00000, 0x000000070bc00000|  0%| F|  |TAMS 0x000000070ba00000, 0x000000070ba00000| Untracked 
|  75|0x000000070bc00000, 0x000000070bc00000, 0x000000070be00000|  0%| F|  |TAMS 0x000000070bc00000, 0x000000070bc00000| Untracked 
|  76|0x000000070be00000, 0x000000070be00000, 0x000000070c000000|  0%| F|  |TAMS 0x000000070be00000, 0x000000070be00000| Untracked 
|  77|0x000000070c000000, 0x000000070c000000, 0x000000070c200000|  0%| F|  |TAMS 0x000000070c000000, 0x000000070c000000| Untracked 
|  78|0x000000070c200000, 0x000000070c200000, 0x000000070c400000|  0%| F|  |TAMS 0x000000070c200000, 0x000000070c200000| Untracked 
|  79|0x000000070c400000, 0x000000070c400000, 0x000000070c600000|  0%| F|  |TAMS 0x000000070c400000, 0x000000070c400000| Untracked 
|  80|0x000000070c600000, 0x000000070c600000, 0x000000070c800000|  0%| F|  |TAMS 0x000000070c600000, 0x000000070c600000| Untracked 
|  81|0x000000070c800000, 0x000000070c800000, 0x000000070ca00000|  0%| F|  |TAMS 0x000000070c800000, 0x000000070c800000| Untracked 
|  82|0x000000070ca00000, 0x000000070ca00000, 0x000000070cc00000|  0%| F|  |TAMS 0x000000070ca00000, 0x000000070ca00000| Untracked 
|  83|0x000000070cc00000, 0x000000070cc00000, 0x000000070ce00000|  0%| F|  |TAMS 0x000000070cc00000, 0x000000070cc00000| Untracked 
|  84|0x000000070ce00000, 0x000000070ce00000, 0x000000070d000000|  0%| F|  |TAMS 0x000000070ce00000, 0x000000070ce00000| Untracked 
|  85|0x000000070d000000, 0x000000070d000000, 0x000000070d200000|  0%| F|  |TAMS 0x000000070d000000, 0x000000070d000000| Untracked 
|  86|0x000000070d200000, 0x000000070d200000, 0x000000070d400000|  0%| F|  |TAMS 0x000000070d200000, 0x000000070d200000| Untracked 
|  87|0x000000070d400000, 0x000000070d400000, 0x000000070d600000|  0%| F|  |TAMS 0x000000070d400000, 0x000000070d400000| Untracked 
|  88|0x000000070d600000, 0x000000070d600000, 0x000000070d800000|  0%| F|  |TAMS 0x000000070d600000, 0x000000070d600000| Untracked 
|  89|0x000000070d800000, 0x000000070d800000, 0x000000070da00000|  0%| F|  |TAMS 0x000000070d800000, 0x000000070d800000| Untracked 
|  90|0x000000070da00000, 0x000000070da00000, 0x000000070dc00000|  0%| F|  |TAMS 0x000000070da00000, 0x000000070da00000| Untracked 
|  91|0x000000070dc00000, 0x000000070dc00000, 0x000000070de00000|  0%| F|  |TAMS 0x000000070dc00000, 0x000000070dc00000| Untracked 
|  92|0x000000070de00000, 0x000000070de00000, 0x000000070e000000|  0%| F|  |TAMS 0x000000070de00000, 0x000000070de00000| Untracked 
|  93|0x000000070e000000, 0x000000070e000000, 0x000000070e200000|  0%| F|  |TAMS 0x000000070e000000, 0x000000070e000000| Untracked 
|  94|0x000000070e200000, 0x000000070e200000, 0x000000070e400000|  0%| F|  |TAMS 0x000000070e200000, 0x000000070e200000| Untracked 
|  95|0x000000070e400000, 0x000000070e400000, 0x000000070e600000|  0%| F|  |TAMS 0x000000070e400000, 0x000000070e400000| Untracked 
|  96|0x000000070e600000, 0x000000070e600000, 0x000000070e800000|  0%| F|  |TAMS 0x000000070e600000, 0x000000070e600000| Untracked 
|  97|0x000000070e800000, 0x000000070e800000, 0x000000070ea00000|  0%| F|  |TAMS 0x000000070e800000, 0x000000070e800000| Untracked 
|  98|0x000000070ea00000, 0x000000070ea00000, 0x000000070ec00000|  0%| F|  |TAMS 0x000000070ea00000, 0x000000070ea00000| Untracked 
|  99|0x000000070ec00000, 0x000000070ec00000, 0x000000070ee00000|  0%| F|  |TAMS 0x000000070ec00000, 0x000000070ec00000| Untracked 
| 100|0x000000070ee00000, 0x000000070ee00000, 0x000000070f000000|  0%| F|  |TAMS 0x000000070ee00000, 0x000000070ee00000| Untracked 
| 101|0x000000070f000000, 0x000000070f000000, 0x000000070f200000|  0%| F|  |TAMS 0x000000070f000000, 0x000000070f000000| Untracked 
| 102|0x000000070f200000, 0x000000070f200000, 0x000000070f400000|  0%| F|  |TAMS 0x000000070f200000, 0x000000070f200000| Untracked 
| 103|0x000000070f400000, 0x000000070f400000, 0x000000070f600000|  0%| F|  |TAMS 0x000000070f400000, 0x000000070f400000| Untracked 
| 104|0x000000070f600000, 0x000000070f600000, 0x000000070f800000|  0%| F|  |TAMS 0x000000070f600000, 0x000000070f600000| Untracked 
| 105|0x000000070f800000, 0x000000070f800000, 0x000000070fa00000|  0%| F|  |TAMS 0x000000070f800000, 0x000000070f800000| Untracked 
| 106|0x000000070fa00000, 0x000000070fa00000, 0x000000070fc00000|  0%| F|  |TAMS 0x000000070fa00000, 0x000000070fa00000| Untracked 
| 107|0x000000070fc00000, 0x000000070fc00000, 0x000000070fe00000|  0%| F|  |TAMS 0x000000070fc00000, 0x000000070fc00000| Untracked 
| 108|0x000000070fe00000, 0x000000070fe00000, 0x0000000710000000|  0%| F|  |TAMS 0x000000070fe00000, 0x000000070fe00000| Untracked 
| 109|0x0000000710000000, 0x0000000710000000, 0x0000000710200000|  0%| F|  |TAMS 0x0000000710000000, 0x0000000710000000| Untracked 
| 110|0x0000000710200000, 0x0000000710200000, 0x0000000710400000|  0%| F|  |TAMS 0x0000000710200000, 0x0000000710200000| Untracked 
| 111|0x0000000710400000, 0x0000000710400000, 0x0000000710600000|  0%| F|  |TAMS 0x0000000710400000, 0x0000000710400000| Untracked 
| 112|0x0000000710600000, 0x0000000710600000, 0x0000000710800000|  0%| F|  |TAMS 0x0000000710600000, 0x0000000710600000| Untracked 
| 113|0x0000000710800000, 0x0000000710800000, 0x0000000710a00000|  0%| F|  |TAMS 0x0000000710800000, 0x0000000710800000| Untracked 
| 114|0x0000000710a00000, 0x0000000710c00000, 0x0000000710c00000|100%| S|CS|TAMS 0x0000000710a00000, 0x0000000710a00000| Complete 
| 115|0x0000000710c00000, 0x0000000710e00000, 0x0000000710e00000|100%| S|CS|TAMS 0x0000000710c00000, 0x0000000710c00000| Complete 
| 116|0x0000000710e00000, 0x0000000710e00000, 0x0000000711000000|  0%| F|  |TAMS 0x0000000710e00000, 0x0000000710e00000| Untracked 
| 117|0x0000000711000000, 0x0000000711000000, 0x0000000711200000|  0%| F|  |TAMS 0x0000000711000000, 0x0000000711000000| Untracked 
| 118|0x0000000711200000, 0x0000000711200000, 0x0000000711400000|  0%| F|  |TAMS 0x0000000711200000, 0x0000000711200000| Untracked 
| 119|0x0000000711400000, 0x000000071143ff18, 0x0000000711600000| 12%| E|  |TAMS 0x0000000711400000, 0x0000000711400000| Complete 
| 120|0x0000000711600000, 0x0000000711800000, 0x0000000711800000|100%| E|CS|TAMS 0x0000000711600000, 0x0000000711600000| Complete 
| 121|0x0000000711800000, 0x0000000711a00000, 0x0000000711a00000|100%| E|CS|TAMS 0x0000000711800000, 0x0000000711800000| Complete 
| 122|0x0000000711a00000, 0x0000000711c00000, 0x0000000711c00000|100%| E|CS|TAMS 0x0000000711a00000, 0x0000000711a00000| Complete 
| 123|0x0000000711c00000, 0x0000000711e00000, 0x0000000711e00000|100%| E|CS|TAMS 0x0000000711c00000, 0x0000000711c00000| Complete 
| 124|0x0000000711e00000, 0x0000000712000000, 0x0000000712000000|100%| E|CS|TAMS 0x0000000711e00000, 0x0000000711e00000| Complete 
| 125|0x0000000712000000, 0x0000000712200000, 0x0000000712200000|100%| E|CS|TAMS 0x0000000712000000, 0x0000000712000000| Complete 
| 126|0x0000000712200000, 0x0000000712400000, 0x0000000712400000|100%| E|CS|TAMS 0x0000000712200000, 0x0000000712200000| Complete 

Card table byte_map: [0x0000020aea7d0000,0x0000020aeafc0000] _byte_map_base: 0x0000020ae6fbd000

Marking Bits (Prev, Next): (CMBitMap*) 0x0000020ad7852cc0, (CMBitMap*) 0x0000020ad7852d00
 Prev Bits: [0x0000020aeb7b0000, 0x0000020aef718000)
 Next Bits: [0x0000020aef720000, 0x0000020af3688000)

Polling page: 0x0000020ad6fb0000

Metaspace:

Usage:
  Non-class:     13.91 MB used.
      Class:      1.84 MB used.
       Both:     15.76 MB used.

Virtual space:
  Non-class space:       16.00 MB reserved,      14.00 MB ( 88%) committed,  2 nodes.
      Class space:        1.00 GB reserved,       1.94 MB ( <1%) committed,  1 nodes.
             Both:        1.02 GB reserved,      15.94 MB (  2%) committed. 

Chunk freelists:
   Non-Class:  1.97 MB
       Class:  2.05 MB
        Both:  4.01 MB

MaxMetaspaceSize: unlimited
CompressedClassSpaceSize: 1.00 GB
Initial GC threshold: 21.00 MB
Current GC threshold: 21.00 MB
CDS: off
MetaspaceReclaimPolicy: balanced
 - commit_granule_bytes: 65536.
 - commit_granule_words: 8192.
 - virtual_space_node_default_size: 1048576.
 - enlarge_chunks_in_place: 1.
 - new_chunks_are_fully_committed: 0.
 - uncommit_free_chunks: 1.
 - use_allocation_guard: 0.
 - handle_deallocations: 1.


Internal statistics:

num_allocs_failed_limit: 0.
num_arena_births: 78.
num_arena_deaths: 0.
num_vsnodes_births: 3.
num_vsnodes_deaths: 0.
num_space_committed: 255.
num_space_uncommitted: 0.
num_chunks_returned_to_freelist: 0.
num_chunks_taken_from_freelist: 305.
num_chunk_merges: 0.
num_chunk_splits: 201.
num_chunks_enlarged: 159.
num_purges: 0.
num_inconsistent_stats: 0.

CodeHeap 'non-profiled nmethods': size=120000Kb used=471Kb max_used=471Kb free=119528Kb
 bounds [0x0000020ae2780000, 0x0000020ae29f0000, 0x0000020ae9cb0000]
CodeHeap 'profiled nmethods': size=120000Kb used=2112Kb max_used=2112Kb free=117887Kb
 bounds [0x0000020adacb0000, 0x0000020adaf20000, 0x0000020ae21e0000]
CodeHeap 'non-nmethods': size=5760Kb used=1164Kb max_used=1187Kb free=4595Kb
 bounds [0x0000020ae21e0000, 0x0000020ae2450000, 0x0000020ae2780000]
 total_blobs=1618 nmethods=1159 adapters=372
 compilation: enabled
              stopped_count=0, restarted_count=0
 full_count=0

Compilation events (20 events):
Event: 6.286 Thread 0x0000020af6cafaa0 nmethod 1151 0x0000020adaebd590 code [0x0000020adaebd740, 0x0000020adaebdaa8]
Event: 7.102 Thread 0x0000020af6cafaa0 1152       3       com.esotericsoftware.kryo.io.Input::readVarInt (192 bytes)
Event: 7.103 Thread 0x0000020af6cafaa0 nmethod 1152 0x0000020adaebdb90 code [0x0000020adaebdd60, 0x0000020adaebe1f8]
Event: 7.187 Thread 0x0000020af6cafaa0 1153       3       org.gradle.internal.logging.text.AbstractLineChoppingStyledTextOutput$StateContext::hasChar (25 bytes)
Event: 7.187 Thread 0x0000020af6cafaa0 nmethod 1153 0x0000020adaebe390 code [0x0000020adaebe520, 0x0000020adaebe6b8]
Event: 7.187 Thread 0x0000020af6cafaa0 1154       3       org.gradle.internal.logging.text.AbstractLineChoppingStyledTextOutput$StateContext::setState (10 bytes)
Event: 7.187 Thread 0x0000020af6cafaa0 nmethod 1154 0x0000020adaebe790 code [0x0000020adaebe940, 0x0000020adaebeb18]
Event: 7.187 Thread 0x0000020af6cafaa0 1155       3       org.gradle.internal.logging.text.AbstractLineChoppingStyledTextOutput::access$402 (7 bytes)
Event: 7.187 Thread 0x0000020af6cafaa0 nmethod 1155 0x0000020adaebec10 code [0x0000020adaebeda0, 0x0000020adaebeef8]
Event: 7.187 Thread 0x0000020af6cafaa0 1159       3       org.gradle.internal.logging.text.AbstractLineChoppingStyledTextOutput$SeenFromEol::none (13 bytes)
Event: 7.187 Thread 0x0000020af6cafaa0 nmethod 1159 0x0000020adaebf010 code [0x0000020adaebf1a0, 0x0000020adaebf318]
Event: 7.187 Thread 0x0000020af6cafaa0 1163       3       org.gradle.internal.logging.text.AbstractLineChoppingStyledTextOutput::access$900 (4 bytes)
Event: 7.188 Thread 0x0000020af6cafaa0 nmethod 1163 0x0000020adaebf390 code [0x0000020adaebf520, 0x0000020adaebf618]
Event: 7.188 Thread 0x0000020af6cafaa0 1164       3       org.gradle.internal.logging.text.AbstractLineChoppingStyledTextOutput$StateContext::next (11 bytes)
Event: 7.188 Thread 0x0000020af6cafaa0 nmethod 1164 0x0000020adaebf690 code [0x0000020adaebf820, 0x0000020adaebf938]
Event: 7.188 Thread 0x0000020af6cafaa0 1160       3       org.gradle.internal.logging.text.AbstractLineChoppingStyledTextOutput::access$800 (4 bytes)
Event: 7.188 Thread 0x0000020af6cafaa0 nmethod 1160 0x0000020adaebfa10 code [0x0000020adaebfba0, 0x0000020adaebfc98]
Event: 7.188 Thread 0x0000020af6cafaa0 1156       3       org.gradle.internal.logging.text.AbstractLineChoppingStyledTextOutput$1::execute (9 bytes)
Event: 7.188 Thread 0x0000020af6cafaa0 nmethod 1156 0x0000020adaebfd10 code [0x0000020adaebfec0, 0x0000020adaec0108]
Event: 7.188 Thread 0x0000020af6cafaa0 1157       3       org.gradle.internal.logging.text.AbstractLineChoppingStyledTextOutput$1::execute (140 bytes)

GC Heap History (2 events):
Event: 0.908 GC heap before
{Heap before GC invocations=0 (full 0):
 garbage-first heap   total 260096K, used 30720K [0x0000000702600000, 0x0000000800000000)
  region size 2048K, 11 young (22528K), 0 survivors (0K)
 Metaspace       used 10839K, committed 11008K, reserved 1064960K
  class space    used 1114K, committed 1216K, reserved 1048576K
}
Event: 0.912 GC heap after
{Heap after GC invocations=1 (full 0):
 garbage-first heap   total 260096K, used 9961K [0x0000000702600000, 0x0000000800000000)
  region size 2048K, 2 young (4096K), 2 survivors (4096K)
 Metaspace       used 10839K, committed 11008K, reserved 1064960K
  class space    used 1114K, committed 1216K, reserved 1048576K
}

Dll operation events (2 events):
Event: 0.006 Loaded shared library C:\Program Files\Android\Android Studio\jbr\bin\java.dll
Event: 0.142 Loaded shared library C:\Program Files\Android\Android Studio\jbr\bin\verify.dll

Deoptimization events (20 events):
Event: 1.213 Thread 0x0000020ad77e6a00 Uncommon trap: trap_request=0xffffffc6 fr.pc=0x0000020ae27de950 relative=0x00000000000005f0
Event: 1.213 Thread 0x0000020ad77e6a00 Uncommon trap: reason=bimorphic_or_optimized_type_check action=maybe_recompile pc=0x0000020ae27de950 method=java.util.concurrent.ConcurrentHashMap.get(Ljava/lang/Object;)Ljava/lang/Object; @ 149 c2
Event: 1.213 Thread 0x0000020ad77e6a00 DEOPT PACKING pc=0x0000020ae27de950 sp=0x0000002ca63fb2a0
Event: 1.213 Thread 0x0000020ad77e6a00 DEOPT UNPACKING pc=0x0000020ae22369a3 sp=0x0000002ca63fb240 mode 2
Event: 1.213 Thread 0x0000020ad77e6a00 Uncommon trap: trap_request=0xffffffc6 fr.pc=0x0000020ae27de950 relative=0x00000000000005f0
Event: 1.213 Thread 0x0000020ad77e6a00 Uncommon trap: reason=bimorphic_or_optimized_type_check action=maybe_recompile pc=0x0000020ae27de950 method=java.util.concurrent.ConcurrentHashMap.get(Ljava/lang/Object;)Ljava/lang/Object; @ 149 c2
Event: 1.214 Thread 0x0000020ad77e6a00 DEOPT PACKING pc=0x0000020ae27de950 sp=0x0000002ca63fb2a0
Event: 1.214 Thread 0x0000020ad77e6a00 DEOPT UNPACKING pc=0x0000020ae22369a3 sp=0x0000002ca63fb240 mode 2
Event: 1.240 Thread 0x0000020ad77e6a00 DEOPT PACKING pc=0x0000020adad454e5 sp=0x0000002ca63f9f00
Event: 1.240 Thread 0x0000020ad77e6a00 DEOPT UNPACKING pc=0x0000020ae2237143 sp=0x0000002ca63f9350 mode 0
Event: 1.256 Thread 0x0000020ad77e6a00 DEOPT PACKING pc=0x0000020adadcdd48 sp=0x0000002ca63fa420
Event: 1.256 Thread 0x0000020ad77e6a00 DEOPT UNPACKING pc=0x0000020ae2237143 sp=0x0000002ca63f9938 mode 0
Event: 1.548 Thread 0x0000020ad77e6a00 Uncommon trap: trap_request=0xffffff45 fr.pc=0x0000020ae27b88e4 relative=0x00000000000006a4
Event: 1.548 Thread 0x0000020ad77e6a00 Uncommon trap: reason=unstable_if action=reinterpret pc=0x0000020ae27b88e4 method=java.lang.AbstractStringBuilder.append(Ljava/lang/String;)Ljava/lang/AbstractStringBuilder; @ 1 c2
Event: 1.548 Thread 0x0000020ad77e6a00 DEOPT PACKING pc=0x0000020ae27b88e4 sp=0x0000002ca63fc830
Event: 1.548 Thread 0x0000020ad77e6a00 DEOPT UNPACKING pc=0x0000020ae22369a3 sp=0x0000002ca63fc7b0 mode 2
Event: 1.549 Thread 0x0000020ad77e6a00 Uncommon trap: trap_request=0xffffff45 fr.pc=0x0000020ae27b4164 relative=0x00000000000006a4
Event: 1.549 Thread 0x0000020ad77e6a00 Uncommon trap: reason=unstable_if action=reinterpret pc=0x0000020ae27b4164 method=java.lang.AbstractStringBuilder.append(Ljava/lang/String;)Ljava/lang/AbstractStringBuilder; @ 1 c2
Event: 1.549 Thread 0x0000020ad77e6a00 DEOPT PACKING pc=0x0000020ae27b4164 sp=0x0000002ca63fc7d0
Event: 1.549 Thread 0x0000020ad77e6a00 DEOPT UNPACKING pc=0x0000020ae22369a3 sp=0x0000002ca63fc7b8 mode 2

Classes unloaded (0 events):
No events

Classes redefined (0 events):
No events

Internal exceptions (19 events):
Event: 0.281 Thread 0x0000020ad77e6a00 Exception <a 'java/lang/NoSuchMethodError'{0x000000071217e010}: 'int java.lang.invoke.DirectMethodHandle$Holder.invokeStaticInit(java.lang.Object, java.lang.Object)'> (0x000000071217e010) 
thrown [s\src\hotspot\share\interpreter\linkResolver.cpp, line 771]
Event: 0.872 Thread 0x0000020ad77e6a00 Exception <a 'java/lang/NoSuchMethodError'{0x0000000710f21e50}: 'void java.lang.invoke.DirectMethodHandle$Holder.invokeStatic(java.lang.Object, java.lang.Object)'> (0x0000000710f21e50) 
thrown [s\src\hotspot\share\interpreter\linkResolver.cpp, line 771]
Event: 0.898 Thread 0x0000020ad77e6a00 Exception <a 'java/lang/NoClassDefFoundError'{0x0000000710fa8648}: org/slf4j/impl/StaticMarkerBinder> (0x0000000710fa8648) 
thrown [s\src\hotspot\share\classfile\systemDictionary.cpp, line 245]
Event: 0.920 Thread 0x0000020ad77e6a00 Exception <a 'java/lang/NoSuchMethodError'{0x0000000712244550}: 'java.lang.Object java.lang.invoke.DirectMethodHandle$Holder.invokeVirtual(java.lang.Object, java.lang.Object, java.lang.Object, java.lang.Object, java.lang.Object, java.lang.Object, java.lang.Object)'> (0x0000000712244550) 
thrown [s\src\hotspot\share\interpreter\linkResolver.cpp, line 771]
Event: 0.922 Thread 0x0000020ad77e6a00 Exception <a 'java/lang/NoSuchMethodError'{0x0000000712255b48}: 'java.lang.Object java.lang.invoke.Invokers$Holder.invoker(java.lang.Object, java.lang.Object, java.lang.Object)'> (0x0000000712255b48) 
thrown [s\src\hotspot\share\interpreter\linkResolver.cpp, line 771]
Event: 0.926 Thread 0x0000020ad77e6a00 Exception <a 'java/lang/NoSuchMethodError'{0x000000071225ecf8}: 'java.lang.Object java.lang.invoke.DirectMethodHandle$Holder.invokeStatic(java.lang.Object, java.lang.Object, int)'> (0x000000071225ecf8) 
thrown [s\src\hotspot\share\interpreter\linkResolver.cpp, line 771]
Event: 0.929 Thread 0x0000020ad77e6a00 Exception <a 'java/lang/NoSuchMethodError'{0x000000071226a9e8}: 'void java.lang.invoke.DelegatingMethodHandle$Holder.delegate(java.lang.Object, java.lang.Object, int, java.lang.Object)'> (0x000000071226a9e8) 
thrown [s\src\hotspot\share\interpreter\linkResolver.cpp, line 771]
Event: 0.929 Thread 0x0000020ad77e6a00 Exception <a 'java/lang/NoSuchMethodError'{0x000000071226ebb0}: 'int java.lang.invoke.DirectMethodHandle$Holder.invokeSpecial(java.lang.Object, java.lang.Object, java.lang.Object)'> (0x000000071226ebb0) 
thrown [s\src\hotspot\share\interpreter\linkResolver.cpp, line 771]
Event: 0.935 Thread 0x0000020ad77e6a00 Exception <a 'java/lang/NoSuchMethodError'{0x00000007122bf6c0}: 'java.lang.Object java.lang.invoke.Invokers$Holder.invokeExact_MT(java.lang.Object, java.lang.Object, java.lang.Object, java.lang.Object)'> (0x00000007122bf6c0) 
thrown [s\src\hotspot\share\interpreter\linkResolver.cpp, line 771]
Event: 1.069 Thread 0x0000020ad77e6a00 Exception <a 'java/lang/NoSuchMethodError'{0x0000000711ed2920}: 'java.lang.Object java.lang.invoke.DirectMethodHandle$Holder.invokeInterface(java.lang.Object, java.lang.Object, java.lang.Object)'> (0x0000000711ed2920) 
thrown [s\src\hotspot\share\interpreter\linkResolver.cpp, line 771]
Event: 1.075 Thread 0x0000020ad77e6a00 Exception <a 'java/lang/NoSuchMethodError'{0x0000000711ef43a8}: 'void java.lang.invoke.DirectMethodHandle$Holder.invokeSpecial(java.lang.Object, java.lang.Object, java.lang.Object)'> (0x0000000711ef43a8) 
thrown [s\src\hotspot\share\interpreter\linkResolver.cpp, line 771]
Event: 1.093 Thread 0x0000020ad77e6a00 Implicit null exception at 0x0000020ae27cf28f to 0x0000020ae27cf704
Event: 1.093 Thread 0x0000020ad77e6a00 Implicit null exception at 0x0000020ae27b9f14 to 0x0000020ae27ba35c
Event: 1.130 Thread 0x0000020ad77e6a00 Exception <a 'java/lang/NoSuchMethodError'{0x0000000711c93108}: 'java.lang.Object java.lang.invoke.DirectMethodHandle$Holder.invokeStaticInit(java.lang.Object)'> (0x0000000711c93108) 
thrown [s\src\hotspot\share\interpreter\linkResolver.cpp, line 771]
Event: 1.272 Thread 0x0000020ad77e6a00 Exception <a 'java/lang/NoSuchMethodError'{0x000000071188aa48}: 'java.lang.Object java.lang.invoke.DirectMethodHandle$Holder.invokeStaticInit(java.lang.Object, int, int, int, int)'> (0x000000071188aa48) 
thrown [s\src\hotspot\share\interpreter\linkResolver.cpp, line 771]
Event: 1.355 Thread 0x0000020ad77e6a00 Exception <a 'java/lang/NoSuchMethodError'{0x00000007118a9690}: 'java.lang.Object java.lang.invoke.DirectMethodHandle$Holder.invokeStaticInit(java.lang.Object, java.lang.Object, int, int, int, int)'> (0x00000007118a9690) 
thrown [s\src\hotspot\share\interpreter\linkResolver.cpp, line 771]
Event: 1.528 Thread 0x0000020ad77e6a00 Exception <a 'java/lang/NoSuchMethodError'{0x00000007118d6948}: 'void java.lang.invoke.DirectMethodHandle$Holder.invokeStatic(java.lang.Object, java.lang.Object, java.lang.Object)'> (0x00000007118d6948) 
thrown [s\src\hotspot\share\interpreter\linkResolver.cpp, line 771]
Event: 1.548 Thread 0x0000020ad77e6a00 Implicit null exception at 0x0000020ae27b8272 to 0x0000020ae27b88cc
Event: 1.549 Thread 0x0000020ad77e6a00 Implicit null exception at 0x0000020ae27b3af2 to 0x0000020ae27b414c

VM Operations (14 events):
Event: 0.137 Executing VM operation: HandshakeAllThreads
Event: 0.137 Executing VM operation: HandshakeAllThreads done
Event: 0.908 Executing VM operation: G1CollectForAllocation
Event: 0.912 Executing VM operation: G1CollectForAllocation done
Event: 0.925 Executing VM operation: HandshakeAllThreads
Event: 0.925 Executing VM operation: HandshakeAllThreads done
Event: 1.218 Executing VM operation: HandshakeAllThreads
Event: 1.218 Executing VM operation: HandshakeAllThreads done
Event: 1.353 Executing VM operation: HandshakeAllThreads
Event: 1.353 Executing VM operation: HandshakeAllThreads done
Event: 2.353 Executing VM operation: Cleanup
Event: 2.353 Executing VM operation: Cleanup done
Event: 5.355 Executing VM operation: Cleanup
Event: 5.355 Executing VM operation: Cleanup done

Events (20 events):
Event: 1.823 loading class jdk/internal/reflect/ByteVectorFactory
Event: 1.823 loading class jdk/internal/reflect/ByteVectorFactory done
Event: 1.823 loading class jdk/internal/reflect/ByteVectorImpl
Event: 1.824 loading class jdk/internal/reflect/ByteVector
Event: 1.824 loading class jdk/internal/reflect/ByteVector done
Event: 1.824 loading class jdk/internal/reflect/ByteVectorImpl done
Event: 1.824 loading class jdk/internal/reflect/ClassFileAssembler
Event: 1.824 loading class jdk/internal/reflect/ClassFileAssembler done
Event: 1.824 loading class jdk/internal/reflect/UTF8
Event: 1.824 loading class jdk/internal/reflect/UTF8 done
Event: 1.825 loading class jdk/internal/reflect/Label
Event: 1.825 loading class jdk/internal/reflect/Label done
Event: 1.825 loading class jdk/internal/reflect/Label$PatchInfo
Event: 1.825 loading class jdk/internal/reflect/Label$PatchInfo done
Event: 1.826 loading class jdk/internal/reflect/MethodAccessorGenerator$1
Event: 1.826 loading class jdk/internal/reflect/MethodAccessorGenerator$1 done
Event: 1.826 loading class jdk/internal/reflect/ClassDefiner
Event: 1.826 loading class jdk/internal/reflect/ClassDefiner done
Event: 1.826 loading class jdk/internal/reflect/ClassDefiner$1
Event: 1.826 loading class jdk/internal/reflect/ClassDefiner$1 done


Dynamic libraries:
0x00007ff76d2e0000 - 0x00007ff76d2ea000 	C:\Program Files\Android\Android Studio\jbr\bin\java.exe
0x00007ffb117f0000 - 0x00007ffb119e8000 	C:\WINDOWS\SYSTEM32\ntdll.dll
0x00007ffb104f0000 - 0x00007ffb105ad000 	C:\WINDOWS\System32\KERNEL32.DLL
0x00007ffb0f050000 - 0x00007ffb0f346000 	C:\WINDOWS\System32\KERNELBASE.dll
0x00007ffb0f6d0000 - 0x00007ffb0f7d0000 	C:\WINDOWS\System32\ucrtbase.dll
0x00007ffae9730000 - 0x00007ffae974b000 	C:\Program Files\Android\Android Studio\jbr\bin\VCRUNTIME140.dll
0x00007ffaeaad0000 - 0x00007ffaeaae7000 	C:\Program Files\Android\Android Studio\jbr\bin\jli.dll
0x00007ffb10270000 - 0x00007ffb1040f000 	C:\WINDOWS\System32\USER32.dll
0x00007ffb0f020000 - 0x00007ffb0f042000 	C:\WINDOWS\System32\win32u.dll
0x00007ffaed740000 - 0x00007ffaed9da000 	C:\WINDOWS\WinSxS\amd64_microsoft.windows.common-controls_6595b64144ccf1df_6.0.19041.3636_none_60b6a03d71f818d5\COMCTL32.dll
0x00007ffb0f8f0000 - 0x00007ffb0f91b000 	C:\WINDOWS\System32\GDI32.dll
0x00007ffb0f920000 - 0x00007ffb0f9be000 	C:\WINDOWS\System32\msvcrt.dll
0x00007ffb0f540000 - 0x00007ffb0f657000 	C:\WINDOWS\System32\gdi32full.dll
0x00007ffb0eea0000 - 0x00007ffb0ef3d000 	C:\WINDOWS\System32\msvcp_win.dll
0x00007ffb10610000 - 0x00007ffb10642000 	C:\WINDOWS\System32\IMM32.DLL
0x00007ffb09210000 - 0x00007ffb0921c000 	C:\Program Files\Android\Android Studio\jbr\bin\vcruntime140_1.dll
0x00007ffaa8940000 - 0x00007ffaa89cd000 	C:\Program Files\Android\Android Studio\jbr\bin\msvcp140.dll
0x00007ffa59c70000 - 0x00007ffa5a8de000 	C:\Program Files\Android\Android Studio\jbr\bin\server\jvm.dll
0x00007ffb10f70000 - 0x00007ffb11020000 	C:\WINDOWS\System32\ADVAPI32.dll
0x00007ffb106c0000 - 0x00007ffb10760000 	C:\WINDOWS\System32\sechost.dll
0x00007ffb111d0000 - 0x00007ffb112f3000 	C:\WINDOWS\System32\RPCRT4.dll
0x00007ffb0ef40000 - 0x00007ffb0ef67000 	C:\WINDOWS\System32\bcrypt.dll
0x00007ffb06e60000 - 0x00007ffb06e69000 	C:\WINDOWS\SYSTEM32\WSOCK32.dll
0x00007ffaf2450000 - 0x00007ffaf2477000 	C:\WINDOWS\SYSTEM32\WINMM.dll
0x00007ffb07450000 - 0x00007ffb0745a000 	C:\WINDOWS\SYSTEM32\VERSION.dll
0x00007ffb10650000 - 0x00007ffb106bb000 	C:\WINDOWS\System32\WS2_32.dll
0x00007ffb0d6c0000 - 0x00007ffb0d6d2000 	C:\WINDOWS\SYSTEM32\kernel.appcore.dll
0x00007ffaf2d80000 - 0x00007ffaf2d8a000 	C:\Program Files\Android\Android Studio\jbr\bin\jimage.dll
0x00007ffb0cc30000 - 0x00007ffb0ce14000 	C:\WINDOWS\SYSTEM32\DBGHELP.DLL
0x00007ffaf6b20000 - 0x00007ffaf6b54000 	C:\WINDOWS\SYSTEM32\dbgcore.DLL
0x00007ffb0f4b0000 - 0x00007ffb0f532000 	C:\WINDOWS\System32\bcryptPrimitives.dll
0x00007ffae6810000 - 0x00007ffae6835000 	C:\Program Files\Android\Android Studio\jbr\bin\java.dll
0x00007ffae67f0000 - 0x00007ffae6808000 	C:\Program Files\Android\Android Studio\jbr\bin\zip.dll
0x00007ffb10800000 - 0x00007ffb10f6b000 	C:\WINDOWS\System32\SHELL32.dll
0x00007ffb0ce20000 - 0x00007ffb0d5be000 	C:\WINDOWS\SYSTEM32\windows.storage.dll
0x00007ffb11380000 - 0x00007ffb116d3000 	C:\WINDOWS\System32\combase.dll
0x00007ffb0e8d0000 - 0x00007ffb0e8fe000 	C:\WINDOWS\SYSTEM32\Wldp.dll
0x00007ffb116e0000 - 0x00007ffb117ad000 	C:\WINDOWS\System32\OLEAUT32.dll
0x00007ffb0f820000 - 0x00007ffb0f8cd000 	C:\WINDOWS\System32\SHCORE.dll
0x00007ffb105b0000 - 0x00007ffb10605000 	C:\WINDOWS\System32\shlwapi.dll
0x00007ffb0edd0000 - 0x00007ffb0edf3000 	C:\WINDOWS\SYSTEM32\profapi.dll
0x00007ffae67a0000 - 0x00007ffae67b9000 	C:\Program Files\Android\Android Studio\jbr\bin\net.dll
0x00007ffb03aa0000 - 0x00007ffb03baa000 	C:\WINDOWS\SYSTEM32\WINHTTP.dll
0x00007ffb0e5c0000 - 0x00007ffb0e62a000 	C:\WINDOWS\system32\mswsock.dll
0x00007ffae66f0000 - 0x00007ffae6706000 	C:\Program Files\Android\Android Studio\jbr\bin\nio.dll
0x00007ffaed5c0000 - 0x00007ffaed5d0000 	C:\Program Files\Android\Android Studio\jbr\bin\verify.dll
0x00007ffae6620000 - 0x00007ffae6647000 	C:\Users\CompuCloud\.gradle\native\e1d6ef7f7dcc3fd88c89a11ec53ec762bb8ba0a96d01ffa2cd45eb1d1d8dd5c5\windows-amd64\native-platform.dll
0x00007ffaed4d0000 - 0x00007ffaed4d9000 	C:\Program Files\Android\Android Studio\jbr\bin\management.dll
0x00007ffaed440000 - 0x00007ffaed44b000 	C:\Program Files\Android\Android Studio\jbr\bin\management_ext.dll
0x00007ffb107f0000 - 0x00007ffb107f8000 	C:\WINDOWS\System32\PSAPI.DLL
0x00007ffb0e7b0000 - 0x00007ffb0e7c8000 	C:\WINDOWS\SYSTEM32\CRYPTSP.dll
0x00007ffb0de80000 - 0x00007ffb0deb4000 	C:\WINDOWS\system32\rsaenh.dll
0x00007ffb0ed50000 - 0x00007ffb0ed7e000 	C:\WINDOWS\SYSTEM32\USERENV.dll
0x00007ffb0e7d0000 - 0x00007ffb0e7dc000 	C:\WINDOWS\SYSTEM32\CRYPTBASE.dll
0x00007ffb0e240000 - 0x00007ffb0e27b000 	C:\WINDOWS\SYSTEM32\IPHLPAPI.DLL
0x00007ffb11370000 - 0x00007ffb11378000 	C:\WINDOWS\System32\NSI.dll
0x00007ffb05250000 - 0x00007ffb05267000 	C:\WINDOWS\SYSTEM32\dhcpcsvc6.DLL
0x00007ffb05c30000 - 0x00007ffb05c4d000 	C:\WINDOWS\SYSTEM32\dhcpcsvc.DLL
0x00007ffb0e280000 - 0x00007ffb0e34b000 	C:\WINDOWS\SYSTEM32\DNSAPI.dll
0x00007ffaee6c0000 - 0x00007ffaee6c7000 	C:\WINDOWS\system32\wshunix.dll

dbghelp: loaded successfully - version: 4.0.5 - missing functions: none
symbol engine: initialized successfully - sym options: 0x614 - pdb path: .;C:\Program Files\Android\Android Studio\jbr\bin;C:\WINDOWS\SYSTEM32;C:\WINDOWS\WinSxS\amd64_microsoft.windows.common-controls_6595b64144ccf1df_6.0.19041.3636_none_60b6a03d71f818d5;C:\Program Files\Android\Android Studio\jbr\bin\server;C:\Users\CompuCloud\.gradle\native\e1d6ef7f7dcc3fd88c89a11ec53ec762bb8ba0a96d01ffa2cd45eb1d1d8dd5c5\windows-amd64

VM Arguments:
jvm_args: -Dorg.gradle.appname=gradlew 
java_command: org.gradle.wrapper.GradleWrapperMain -q -Ptarget-platform=android-x64 -Ptarget=D:\motherly_moments\lib\main.dart -Pbase-application-name=android.app.Application -Pdart-defines=RkxVVFRFUl9XRUJfQVVUT19ERVRFQ1Q9dHJ1ZQ==,RkxVVFRFUl9XRUJfQ0FOVkFTS0lUX1VSTD1odHRwczovL3d3dy5nc3RhdGljLmNvbS9mbHV0dGVyLWNhbnZhc2tpdC9iZDk4NmM1ZWQyMGE2MmRjMzRiNzcxOGM1MGFiYzc4MmJlYWU0YzMzLw== -Pdart-obfuscation=false -Ptrack-widget-creation=true -Ptree-shake-icons=false -Pfilesystem-scheme=org-dartlang-root assembleDebug
java_class_path (initial): D:\motherly_moments\android\\gradle\wrapper\gradle-wrapper.jar
Launcher Type: SUN_STANDARD

[Global flags]
     intx CICompilerCount                          = 4                                         {product} {ergonomic}
     uint ConcGCThreads                            = 2                                         {product} {ergonomic}
     uint G1ConcRefinementThreads                  = 8                                         {product} {ergonomic}
   size_t G1HeapRegionSize                         = 2097152                                   {product} {ergonomic}
    uintx GCDrainStackTargetSize                   = 64                                        {product} {ergonomic}
   size_t InitialHeapSize                          = 266338304                                 {product} {ergonomic}
   size_t MarkStackSize                            = 4194304                                   {product} {ergonomic}
   size_t MaxHeapSize                              = 4255121408                                {product} {ergonomic}
   size_t MaxNewSize                               = 2552233984                                {product} {ergonomic}
   size_t MinHeapDeltaBytes                        = 2097152                                   {product} {ergonomic}
   size_t MinHeapSize                              = 8388608                                   {product} {ergonomic}
    uintx NonNMethodCodeHeapSize                   = 5839372                                {pd product} {ergonomic}
    uintx NonProfiledCodeHeapSize                  = 122909434                              {pd product} {ergonomic}
    uintx ProfiledCodeHeapSize                     = 122909434                              {pd product} {ergonomic}
    uintx ReservedCodeCacheSize                    = 251658240                              {pd product} {ergonomic}
     bool SegmentedCodeCache                       = true                                      {product} {ergonomic}
   size_t SoftMaxHeapSize                          = 4255121408                             {manageable} {ergonomic}
     bool UseCompressedClassPointers               = true                           {product lp64_product} {ergonomic}
     bool UseCompressedOops                        = true                           {product lp64_product} {ergonomic}
     bool UseG1GC                                  = true                                      {product} {ergonomic}
     bool UseLargePagesIndividualAllocation        = false                                  {pd product} {ergonomic}

Logging:
Log output configuration:
 #0: stdout all=warning uptime,level,tags
 #1: stderr all=off uptime,level,tags

Environment Variables:
JAVA_HOME=C:\Program Files\Android\Android Studio\jbr
CLASSPATH=D:\motherly_moments\android\\gradle\wrapper\gradle-wrapper.jar
PATH=C:\Program Files\Android\Android Studio\jbr\bin;C:\Python312\Scripts\;C:\Python312\;C:\Program Files (x86)\Common Files\Oracle\Java\javapath;C:\Users\CompuCloud\AppData\Local\Android\Sdk\platform-tools;C:\WINDOWS\system32;C:\WINDOWS;C:\WINDOWS\System32\Wbem;C:\WINDOWS\System32\WindowsPowerShell\v1.0\;C:\WINDOWS\System32\OpenSSH\;C:\Program Files\dotnet\;C:\Program Files\Java\jdk1.8.0_202\bin;C:\flutter\bin;C:\Program Files\nodejs\;C:\Program Files\Git\cmd;C:\Program Files\Microsoft SQL Server\130\Tools\Binn\;C:\Program Files\Microsoft SQL Server\Client SDK\ODBC\170\Tools\Binn\;C:\Program Files\Microsoft SQL Server\160\DTS\Binn\;C:\Program Files\Microsoft SQL Server\150\Tools\Binn\;C:\Program Files\Microsoft SQL Server\130\DTS\Binn\;C:\Program Files\Microsoft SQL Server\140\DTS\Binn\;C:\Program Files\Microsoft SQL Server\150\DTS\Binn\;C:\Program Files (x86)\Microsoft SQL Server\160\Tools\Binn\;C:\Program Files\Microsoft SQL Server\160\Tools\Binn\;C:\Program Files (x86)\Microsoft SQL Server\160\DTS\Binn\;C:\flutter\bin;C:\dart-sdk\bin;C:\Users\CompuCloud\AppData\Local\Microsoft\WindowsApps;C:\Users\CompuCloud\AppData\Local\Programs\Microsoft VS Code\bin;C:\Users\CompuCloud\.dotnet\tools;C:\Program Files\JetBrains\IntelliJ IDEA 2023.1.1\bin;;C:\Users\CompuCloud\AppData\Local\JetBrains\IntelliJ IDEA Community Edition 2023.2.1\bin;;C:\Users\CompuCloud\AppData\Roaming\npm;C:\flutter\bin\mingit\cmd;C:\flutter\bin\mingit\cmd
USERNAME=CompuCloud
OS=Windows_NT
PROCESSOR_IDENTIFIER=Intel64 Family 6 Model 142 Stepping 12, GenuineIntel
TMP=C:\Users\COMPUC~1\AppData\Local\Temp
TEMP=C:\Users\COMPUC~1\AppData\Local\Temp


JNI global refs:
JNI global refs: 20, weak refs: 3

JNI global refs memory usage: 843, weak refs: 841


---------------  S Y S T E M  ---------------

OS:
 Windows 10 , 64 bit Build 19041 (10.0.19041.3636)
OS uptime: 10 days 8:55 hours

CPU: total 8 (initial active 8) (4 cores per cpu, 2 threads per core) family 6 model 142 stepping 12 microcode 0xfa, cx8, cmov, fxsr, ht, mmx, 3dnowpref, sse, sse2, sse3, ssse3, sse4.1, sse4.2, popcnt, lzcnt, tsc, tscinvbit, avx, avx2, aes, erms, clmul, bmi1, bmi2, adx, fma, vzeroupper, clflush, clflushopt

Memory: 4k page, system-wide physical 16230M (5401M free)
TotalPageFile size 18278M (AvailPageFile size 0M)
current process WorkingSet (physical memory assigned to process): 92M, peak: 100M
current process commit charge ("private bytes"): 358M, peak: 366M

vm_info: OpenJDK 64-Bit Server VM (17.0.6+0-b2043.56-10027231) for windows-amd64 JRE (17.0.6+0-b2043.56-10027231), built on Apr 28 2023 00:43:19 by "androidbuild" with MS VC++ 16.10 / 16.11 (VS2019)

END.
