#
# There is insufficient memory for the Java Runtime Environment to continue.
# Native memory allocation (malloc) failed to allocate 65552 bytes for Chunk::new
# Possible reasons:
#   The system is out of physical RAM or swap space
#   The process is running with CompressedOops enabled, and the Java Heap may be blocking the growth of the native heap
# Possible solutions:
#   Reduce memory load on the system
#   Increase physical memory or swap space
#   Check if swap backing store is full
#   Decrease Java heap size (-Xmx/-Xms)
#   Decrease number of Java threads
#   Decrease Java thread stack sizes (-Xss)
#   Set larger code cache with -XX:ReservedCodeCacheSize=
#   JVM is running with Zero Based Compressed Oops mode in which the Java heap is
#     placed in the first 32GB address space. The Java Heap base address is the
#     maximum limit for the native heap growth. Please use -XX:HeapBaseMinAddress
#     to set the Java Heap base and to place the Java Heap above 32GB virtual address.
# This output file may be truncated or incomplete.
#
#  Out of Memory Error (arena.cpp:189), pid=10040, tid=7452
#
# JRE version: OpenJDK Runtime Environment (17.0.6) (build 17.0.6+0-b2043.56-10027231)
# Java VM: OpenJDK 64-Bit Server VM (17.0.6+0-b2043.56-10027231, mixed mode, tiered, compressed oops, compressed class ptrs, g1 gc, windows-amd64)
# No core dump will be written. Minidumps are not enabled by default on client versions of Windows
#

---------------  S U M M A R Y ------------

Command Line: org.jetbrains.kotlin.cli.jvm.K2JVMCompiler @D:\motherly_moments\build\smart_auth\20240508_6594013078175695866.compiler.options

Host: Intel(R) Core(TM) i7-10510U CPU @ 1.80GHz, 8 cores, 15G,  Windows 10 , 64 bit Build 19041 (10.0.19041.3636)
Time: Wed May  8 05:43:41 2024 Egypt Daylight Time elapsed time: 38.901819 seconds (0d 0h 0m 38s)

---------------  T H R E A D  ---------------

Current thread (0x0000021c57b99d40):  JavaThread "C2 CompilerThread1" daemon [_thread_in_native, id=7452, stack(0x000000f045200000,0x000000f045300000)]


Current CompileTask:
C2:  38901 11630       4       java.io.WinNTFileSystem::normalize (143 bytes)

Stack: [0x000000f045200000,0x000000f045300000]
Native frames: (J=compiled Java code, j=interpreted, Vv=VM code, C=native code)
V  [jvm.dll+0x683c9a]
V  [jvm.dll+0x8427a4]
V  [jvm.dll+0x843f9e]
V  [jvm.dll+0x844603]
V  [jvm.dll+0x249b75]
V  [jvm.dll+0xabcac]
V  [jvm.dll+0xac27c]
V  [jvm.dll+0xabdbb]
V  [jvm.dll+0x6da96c]
V  [jvm.dll+0x593a67]
V  [jvm.dll+0x762962]
V  [jvm.dll+0x761acf]
V  [jvm.dll+0x59dd6b]
V  [jvm.dll+0x58aa53]
V  [jvm.dll+0x2243b2]
V  [jvm.dll+0x22478f]
V  [jvm.dll+0x21e055]
V  [jvm.dll+0x21b51b]
V  [jvm.dll+0x1a4fdd]
V  [jvm.dll+0x22b098]
V  [jvm.dll+0x229159]
V  [jvm.dll+0x7f81ec]
V  [jvm.dll+0x7f274a]
V  [jvm.dll+0x682ad5]
C  [ucrtbase.dll+0x21bb2]
C  [KERNEL32.DLL+0x17344]
C  [ntdll.dll+0x526b1]


---------------  P R O C E S S  ---------------

Threads class SMR info:
_java_thread_list=0x0000021c5634f6b0, length=15, elements={
0x0000021c5445b610, 0x0000021c5445d490, 0x0000021c5448a010, 0x0000021c5448b8e0,
0x0000021c5448e5b0, 0x0000021c5448ef60, 0x0000021c5448fc40, 0x0000021c544906e0,
0x0000021c5450a6e0, 0x0000021c545f6b00, 0x0000021c54600340, 0x0000021c57b99d40,
0x0000021c57b9a760, 0x0000021c5613f940, 0x0000021c5613fe10
}

Java Threads: ( => current thread )
  0x0000021c5445b610 JavaThread "Reference Handler" daemon [_thread_blocked, id=12556, stack(0x000000f043e00000,0x000000f043f00000)]
  0x0000021c5445d490 JavaThread "Finalizer" daemon [_thread_blocked, id=12904, stack(0x000000f043f00000,0x000000f044000000)]
  0x0000021c5448a010 JavaThread "Signal Dispatcher" daemon [_thread_blocked, id=10296, stack(0x000000f044000000,0x000000f044100000)]
  0x0000021c5448b8e0 JavaThread "Attach Listener" daemon [_thread_blocked, id=19192, stack(0x000000f044100000,0x000000f044200000)]
  0x0000021c5448e5b0 JavaThread "Service Thread" daemon [_thread_blocked, id=19188, stack(0x000000f044200000,0x000000f044300000)]
  0x0000021c5448ef60 JavaThread "Monitor Deflation Thread" daemon [_thread_blocked, id=19176, stack(0x000000f044300000,0x000000f044400000)]
  0x0000021c5448fc40 JavaThread "C2 CompilerThread0" daemon [_thread_blocked, id=12264, stack(0x000000f044400000,0x000000f044500000)]
  0x0000021c544906e0 JavaThread "C1 CompilerThread0" daemon [_thread_blocked, id=19172, stack(0x000000f044500000,0x000000f044600000)]
  0x0000021c5450a6e0 JavaThread "Sweeper thread" daemon [_thread_blocked, id=19196, stack(0x000000f044600000,0x000000f044700000)]
  0x0000021c545f6b00 JavaThread "Notification Thread" daemon [_thread_blocked, id=15188, stack(0x000000f044700000,0x000000f044800000)]
  0x0000021c54600340 JavaThread "Common-Cleaner" daemon [_thread_blocked, id=9340, stack(0x000000f044900000,0x000000f044a00000)]
=>0x0000021c57b99d40 JavaThread "C2 CompilerThread1" daemon [_thread_in_native, id=7452, stack(0x000000f045200000,0x000000f045300000)]
  0x0000021c57b9a760 JavaThread "C2 CompilerThread2" daemon [_thread_blocked, id=10160, stack(0x000000f045300000,0x000000f045400000)]
  0x0000021c5613f940 JavaThread "DestroyJavaVM" [_thread_blocked, id=5592, stack(0x000000f043600000,0x000000f043700000)]
  0x0000021c5613fe10 JavaThread "Logging-Cleaner" [_thread_new, id=520, stack(0x0000000000000000,0x0000000000000000)]

Other Threads:
  0x0000021c53a5d250 VMThread "VM Thread" [stack: 0x000000f043d00000,0x000000f043e00000] [id=15384]
  0x0000021c545f6fd0 WatcherThread [stack: 0x000000f044800000,0x000000f044900000] [id=13492]
  0x0000021c33200af0 GCTaskThread "GC Thread#0" [stack: 0x000000f043800000,0x000000f043900000] [id=1724]
  0x0000021c54bc2790 GCTaskThread "GC Thread#1" [stack: 0x000000f044a00000,0x000000f044b00000] [id=3836]
  0x0000021c54b3eff0 GCTaskThread "GC Thread#2" [stack: 0x000000f044b00000,0x000000f044c00000] [id=16340]
  0x0000021c54b3f2a0 GCTaskThread "GC Thread#3" [stack: 0x000000f044c00000,0x000000f044d00000] [id=3524]
  0x0000021c54b3f550 GCTaskThread "GC Thread#4" [stack: 0x000000f044d00000,0x000000f044e00000] [id=12064]
  0x0000021c54b3f800 GCTaskThread "GC Thread#5" [stack: 0x000000f044e00000,0x000000f044f00000] [id=5508]
  0x0000021c54daebc0 GCTaskThread "GC Thread#6" [stack: 0x000000f044f00000,0x000000f045000000] [id=1268]
  0x0000021c549e4280 GCTaskThread "GC Thread#7" [stack: 0x000000f045000000,0x000000f045100000] [id=1408]
  0x0000021c332117c0 ConcurrentGCThread "G1 Main Marker" [stack: 0x000000f043900000,0x000000f043a00000] [id=3016]
  0x0000021c332121d0 ConcurrentGCThread "G1 Conc#0" [stack: 0x000000f043a00000,0x000000f043b00000] [id=16224]
  0x0000021c549e4530 ConcurrentGCThread "G1 Conc#1" [stack: 0x000000f045100000,0x000000f045200000] [id=9056]
  0x0000021c3325d750 ConcurrentGCThread "G1 Refine#0" [stack: 0x000000f043b00000,0x000000f043c00000] [id=14704]
  0x0000021c57cc7140 ConcurrentGCThread "G1 Refine#1" [stack: 0x000000f045400000,0x000000f045500000] [id=4100]
  0x0000021c3325e170 ConcurrentGCThread "G1 Service" [stack: 0x000000f043c00000,0x000000f043d00000] [id=7152]

Threads with active compile tasks:
C2 CompilerThread1    38939 11630       4       java.io.WinNTFileSystem::normalize (143 bytes)

VM state: not at safepoint (normal execution)

VM Mutex/Monitor currently owned by a thread: None

Heap address: 0x0000000702600000, size: 4058 MB, Compressed Oops mode: Zero based, Oop shift amount: 3

CDS archive(s) not mapped
Compressed class space mapped at: 0x0000000800000000-0x0000000840000000, reserved size: 1073741824
Narrow klass base: 0x0000000800000000, Narrow klass shift: 0, Narrow klass range: 0x40000000

GC Precious Log:
 CPUs: 8 total, 8 available
 Memory: 16230M
 Large Page Support: Disabled
 NUMA Support: Disabled
 Compressed Oops: Enabled (Zero based)
 Heap Region Size: 2M
 Heap Min Capacity: 8M
 Heap Initial Capacity: 254M
 Heap Max Capacity: 4058M
 Pre-touch: Disabled
 Parallel Workers: 8
 Concurrent Workers: 2
 Concurrent Refinement Workers: 8
 Periodic GC: Disabled

Heap:
 garbage-first heap   total 92160K, used 49566K [0x0000000702600000, 0x0000000800000000)
  region size 2048K, 6 young (12288K), 2 survivors (4096K)
 Metaspace       used 76772K, committed 76992K, reserved 1122304K
  class space    used 8299K, committed 8384K, reserved 1048576K

Heap Regions: E=young(eden), S=young(survivor), O=old, HS=humongous(starts), HC=humongous(continues), CS=collection set, F=free, OA=open archive, CA=closed archive, TAMS=top-at-mark-start (previous, next)
|   0|0x0000000702600000, 0x0000000702800000, 0x0000000702800000|100%|HS|  |TAMS 0x0000000702800000, 0x0000000702600000| Complete 
|   1|0x0000000702800000, 0x0000000702a00000, 0x0000000702a00000|100%|HC|  |TAMS 0x0000000702a00000, 0x0000000702800000| Complete 
|   2|0x0000000702a00000, 0x0000000702c00000, 0x0000000702c00000|100%|HS|  |TAMS 0x0000000702c00000, 0x0000000702a00000| Complete 
|   3|0x0000000702c00000, 0x0000000702dfaa00, 0x0000000702e00000| 98%| O|  |TAMS 0x0000000702dfaa00, 0x0000000702c00000| Untracked 
|   4|0x0000000702e00000, 0x0000000703000000, 0x0000000703000000|100%| O|  |TAMS 0x0000000703000000, 0x0000000702e00000| Untracked 
|   5|0x0000000703000000, 0x0000000703200000, 0x0000000703200000|100%| O|  |TAMS 0x0000000703200000, 0x0000000703000000| Untracked 
|   6|0x0000000703200000, 0x0000000703400000, 0x0000000703400000|100%| O|  |TAMS 0x0000000703400000, 0x0000000703200000| Untracked 
|   7|0x0000000703400000, 0x0000000703600000, 0x0000000703600000|100%| O|  |TAMS 0x0000000703600000, 0x0000000703400000| Untracked 
|   8|0x0000000703600000, 0x0000000703800000, 0x0000000703800000|100%| O|  |TAMS 0x0000000703800000, 0x0000000703600000| Untracked 
|   9|0x0000000703800000, 0x0000000703a00000, 0x0000000703a00000|100%| O|  |TAMS 0x0000000703a00000, 0x0000000703800000| Untracked 
|  10|0x0000000703a00000, 0x0000000703c00000, 0x0000000703c00000|100%| O|  |TAMS 0x0000000703c00000, 0x0000000703a00000| Untracked 
|  11|0x0000000703c00000, 0x0000000703e00000, 0x0000000703e00000|100%| O|  |TAMS 0x0000000703e00000, 0x0000000703c00000| Untracked 
|  12|0x0000000703e00000, 0x0000000704000000, 0x0000000704000000|100%| O|  |TAMS 0x0000000704000000, 0x0000000703e00000| Untracked 
|  13|0x0000000704000000, 0x0000000704200000, 0x0000000704200000|100%| O|  |TAMS 0x0000000704200000, 0x0000000704000000| Untracked 
|  14|0x0000000704200000, 0x0000000704400000, 0x0000000704400000|100%| O|  |TAMS 0x0000000704400000, 0x0000000704200000| Untracked 
|  15|0x0000000704400000, 0x0000000704400000, 0x0000000704600000|  0%| F|  |TAMS 0x0000000704400000, 0x0000000704400000| Untracked 
|  16|0x0000000704600000, 0x0000000704800000, 0x0000000704800000|100%| O|  |TAMS 0x0000000704800000, 0x0000000704600000| Untracked 
|  17|0x0000000704800000, 0x0000000704a00000, 0x0000000704a00000|100%| O|  |TAMS 0x000000070490fa00, 0x0000000704800000| Untracked 
|  18|0x0000000704a00000, 0x0000000704c00000, 0x0000000704c00000|100%| O|  |TAMS 0x0000000704a00000, 0x0000000704a00000| Untracked 
|  19|0x0000000704c00000, 0x0000000704e00000, 0x0000000704e00000|100%| O|  |TAMS 0x0000000704c00000, 0x0000000704c00000| Untracked 
|  20|0x0000000704e00000, 0x0000000704e9ba00, 0x0000000705000000| 30%| O|  |TAMS 0x0000000704e00000, 0x0000000704e00000| Untracked 
|  21|0x0000000705000000, 0x0000000705000000, 0x0000000705200000|  0%| F|  |TAMS 0x0000000705000000, 0x0000000705000000| Untracked 
|  22|0x0000000705200000, 0x0000000705200000, 0x0000000705400000|  0%| F|  |TAMS 0x0000000705200000, 0x0000000705200000| Untracked 
|  23|0x0000000705400000, 0x0000000705400000, 0x0000000705600000|  0%| F|  |TAMS 0x0000000705400000, 0x0000000705400000| Untracked 
|  24|0x0000000705600000, 0x0000000705600000, 0x0000000705800000|  0%| F|  |TAMS 0x0000000705600000, 0x0000000705600000| Untracked 
|  25|0x0000000705800000, 0x0000000705800000, 0x0000000705a00000|  0%| F|  |TAMS 0x0000000705800000, 0x0000000705800000| Untracked 
|  26|0x0000000705a00000, 0x0000000705a00000, 0x0000000705c00000|  0%| F|  |TAMS 0x0000000705a00000, 0x0000000705a00000| Untracked 
|  27|0x0000000705c00000, 0x0000000705c00000, 0x0000000705e00000|  0%| F|  |TAMS 0x0000000705c00000, 0x0000000705c00000| Untracked 
|  28|0x0000000705e00000, 0x0000000705fd1778, 0x0000000706000000| 90%| S|CS|TAMS 0x0000000705e00000, 0x0000000705e00000| Complete 
|  29|0x0000000706000000, 0x0000000706000000, 0x0000000706200000|  0%| F|  |TAMS 0x0000000706000000, 0x0000000706000000| Untracked 
|  30|0x0000000706200000, 0x0000000706400000, 0x0000000706400000|100%| S|CS|TAMS 0x0000000706200000, 0x0000000706200000| Complete 
|  31|0x0000000706400000, 0x0000000706400000, 0x0000000706600000|  0%| F|  |TAMS 0x0000000706400000, 0x0000000706400000| Untracked 
|  32|0x0000000706600000, 0x0000000706600000, 0x0000000706800000|  0%| F|  |TAMS 0x0000000706600000, 0x0000000706600000| Untracked 
|  33|0x0000000706800000, 0x0000000706800000, 0x0000000706a00000|  0%| F|  |TAMS 0x0000000706800000, 0x0000000706800000| Untracked 
|  34|0x0000000706a00000, 0x0000000706a00000, 0x0000000706c00000|  0%| F|  |TAMS 0x0000000706a00000, 0x0000000706a00000| Untracked 
|  35|0x0000000706c00000, 0x0000000706c00000, 0x0000000706e00000|  0%| F|  |TAMS 0x0000000706c00000, 0x0000000706c00000| Untracked 
|  36|0x0000000706e00000, 0x0000000706e00000, 0x0000000707000000|  0%| F|  |TAMS 0x0000000706e00000, 0x0000000706e00000| Untracked 
|  37|0x0000000707000000, 0x0000000707000000, 0x0000000707200000|  0%| F|  |TAMS 0x0000000707000000, 0x0000000707000000| Untracked 
|  38|0x0000000707200000, 0x0000000707200000, 0x0000000707400000|  0%| F|  |TAMS 0x0000000707200000, 0x0000000707200000| Untracked 
|  39|0x0000000707400000, 0x0000000707400000, 0x0000000707600000|  0%| F|  |TAMS 0x0000000707400000, 0x0000000707400000| Untracked 
|  40|0x0000000707600000, 0x0000000707600000, 0x0000000707800000|  0%| F|  |TAMS 0x0000000707600000, 0x0000000707600000| Untracked 
|  41|0x0000000707800000, 0x00000007079f0cd8, 0x0000000707a00000| 97%| E|  |TAMS 0x0000000707800000, 0x0000000707800000| Complete 
|  60|0x0000000709e00000, 0x000000070a000000, 0x000000070a000000|100%| E|CS|TAMS 0x0000000709e00000, 0x0000000709e00000| Complete 
|  61|0x000000070a000000, 0x000000070a200000, 0x000000070a200000|100%| E|CS|TAMS 0x000000070a000000, 0x000000070a000000| Complete 
| 126|0x0000000712200000, 0x0000000712400000, 0x0000000712400000|100%| E|CS|TAMS 0x0000000712200000, 0x0000000712200000| Complete 

Card table byte_map: [0x0000021c48090000,0x0000021c48880000] _byte_map_base: 0x0000021c4487d000

Marking Bits (Prev, Next): (CMBitMap*) 0x0000021c33201140, (CMBitMap*) 0x0000021c33201100
 Prev Bits: [0x0000021c4cfe0000, 0x0000021c50f48000)
 Next Bits: [0x0000021c49070000, 0x0000021c4cfd8000)

Polling page: 0x0000021c33260000

Metaspace:

Usage:
  Non-class:     66.87 MB used.
      Class:      8.10 MB used.
       Both:     74.97 MB used.

Virtual space:
  Non-class space:       72.00 MB reserved,      67.00 MB ( 93%) committed,  9 nodes.
      Class space:        1.00 GB reserved,       8.19 MB ( <1%) committed,  1 nodes.
             Both:        1.07 GB reserved,      75.19 MB (  7%) committed. 

Chunk freelists:
   Non-Class:  464.00 KB
       Class:  3.75 MB
        Both:  4.20 MB

MaxMetaspaceSize: unlimited
CompressedClassSpaceSize: 1.00 GB
Initial GC threshold: 21.00 MB
Current GC threshold: 98.44 MB
CDS: off
MetaspaceReclaimPolicy: balanced
 - commit_granule_bytes: 65536.
 - commit_granule_words: 8192.
 - virtual_space_node_default_size: 1048576.
 - enlarge_chunks_in_place: 1.
 - new_chunks_are_fully_committed: 0.
 - uncommit_free_chunks: 1.
 - use_allocation_guard: 0.
 - handle_deallocations: 1.


Internal statistics:

num_allocs_failed_limit: 9.
num_arena_births: 296.
num_arena_deaths: 0.
num_vsnodes_births: 10.
num_vsnodes_deaths: 0.
num_space_committed: 1201.
num_space_uncommitted: 0.
num_chunks_returned_to_freelist: 9.
num_chunks_taken_from_freelist: 2718.
num_chunk_merges: 9.
num_chunk_splits: 2265.
num_chunks_enlarged: 2039.
num_purges: 0.
num_inconsistent_stats: 0.

CodeHeap 'non-profiled nmethods': size=120000Kb used=4547Kb max_used=4727Kb free=115452Kb
 bounds [0x0000021c3f900000, 0x0000021c3fda0000, 0x0000021c46e30000]
CodeHeap 'profiled nmethods': size=120000Kb used=29455Kb max_used=30778Kb free=90544Kb
 bounds [0x0000021c37e30000, 0x0000021c39c80000, 0x0000021c3f360000]
CodeHeap 'non-nmethods': size=5760Kb used=1406Kb max_used=1491Kb free=4353Kb
 bounds [0x0000021c3f360000, 0x0000021c3f5d0000, 0x0000021c3f900000]
 total_blobs=10627 nmethods=9895 adapters=640
 compilation: enabled
              stopped_count=0, restarted_count=0
 full_count=0

Compilation events (20 events):
Event: 38.802 Thread 0x0000021c5448fc40 nmethod 11488 0x0000021c3fd84890 code [0x0000021c3fd84a20, 0x0000021c3fd84af8]
Event: 38.802 Thread 0x0000021c5448fc40 11578       4       org.jetbrains.kotlin.resolve.jvm.checkers.JvmSimpleNameBacktickChecker::getINVALID_CHARS (4 bytes)
Event: 38.803 Thread 0x0000021c5448fc40 nmethod 11578 0x0000021c3fb77510 code [0x0000021c3fb77680, 0x0000021c3fb776f8]
Event: 38.803 Thread 0x0000021c5448fc40 11605       4       java.util.Collections$EmptyList::toArray (5 bytes)
Event: 38.806 Thread 0x0000021c5448fc40 nmethod 11605 0x0000021c3fb77190 code [0x0000021c3fb77320, 0x0000021c3fb77418]
Event: 38.808 Thread 0x0000021c57b99d40 nmethod 11529 0x0000021c3fb76610 code [0x0000021c3fb767c0, 0x0000021c3fb76e98]
Event: 38.819 Thread 0x0000021c544906e0 11625       3       org.jetbrains.kotlin.config.CompilerConfiguration::unmodifiable (116 bytes)
Event: 38.820 Thread 0x0000021c544906e0 nmethod 11625 0x0000021c39718f10 code [0x0000021c39719260, 0x0000021c3971ab18]
Event: 38.820 Thread 0x0000021c544906e0 11626       3       jdk.internal.org.objectweb.asm.MethodVisitor::visitFieldInsn (20 bytes)
Event: 38.820 Thread 0x0000021c544906e0 nmethod 11626 0x0000021c38bcb610 code [0x0000021c38bcb7c0, 0x0000021c38bcb9c8]
Event: 38.833 Thread 0x0000021c57b9a760 nmethod 11472 0x0000021c3f9ac290 code [0x0000021c3f9ac4e0, 0x0000021c3f9ad6f8]
Event: 38.833 Thread 0x0000021c544906e0 11627       3       org.jetbrains.kotlin.com.intellij.openapi.extensions.impl.ExtensionsAreaImpl::hasExtensionPoint (20 bytes)
Event: 38.834 Thread 0x0000021c544906e0 nmethod 11627 0x0000021c38bcaf90 code [0x0000021c38bcb140, 0x0000021c38bcb398]
Event: 38.834 Thread 0x0000021c544906e0 11628       1       org.jetbrains.kotlin.com.intellij.openapi.util.ObjectNode::getParent (5 bytes)
Event: 38.834 Thread 0x0000021c544906e0 nmethod 11628 0x0000021c3fb76290 code [0x0000021c3fb76420, 0x0000021c3fb764f8]
Event: 38.843 Thread 0x0000021c544906e0 11629       3       java.io.File::toString (5 bytes)
Event: 38.843 Thread 0x0000021c544906e0 nmethod 11629 0x0000021c39014010 code [0x0000021c390141a0, 0x0000021c390142b8]
Event: 38.843 Thread 0x0000021c57b99d40 11630       4       java.io.WinNTFileSystem::normalize (143 bytes)
Event: 38.899 Thread 0x0000021c544906e0 11631       3       kotlin.text.CharsKt__CharKt::equals (48 bytes)
Event: 38.900 Thread 0x0000021c544906e0 nmethod 11631 0x0000021c3917d510 code [0x0000021c3917d780, 0x0000021c3917e0d8]

GC Heap History (20 events):
Event: 16.551 GC heap before
{Heap before GC invocations=11 (full 0):
 garbage-first heap   total 75776K, used 51963K [0x0000000702600000, 0x0000000800000000)
  region size 2048K, 15 young (30720K), 1 survivors (2048K)
 Metaspace       used 45797K, committed 46080K, reserved 1089536K
  class space    used 5479K, committed 5568K, reserved 1048576K
}
Event: 16.555 GC heap after
{Heap after GC invocations=12 (full 0):
 garbage-first heap   total 75776K, used 23708K [0x0000000702600000, 0x0000000800000000)
  region size 2048K, 1 young (2048K), 1 survivors (2048K)
 Metaspace       used 45797K, committed 46080K, reserved 1089536K
  class space    used 5479K, committed 5568K, reserved 1048576K
}
Event: 20.088 GC heap before
{Heap before GC invocations=12 (full 0):
 garbage-first heap   total 75776K, used 56476K [0x0000000702600000, 0x0000000800000000)
  region size 2048K, 17 young (34816K), 1 survivors (2048K)
 Metaspace       used 49907K, committed 50112K, reserved 1097728K
  class space    used 5905K, committed 6016K, reserved 1048576K
}
Event: 20.114 GC heap after
{Heap after GC invocations=13 (full 0):
 garbage-first heap   total 75776K, used 28902K [0x0000000702600000, 0x0000000800000000)
  region size 2048K, 3 young (6144K), 3 survivors (6144K)
 Metaspace       used 49907K, committed 50112K, reserved 1097728K
  class space    used 5905K, committed 6016K, reserved 1048576K
}
Event: 23.478 GC heap before
{Heap before GC invocations=13 (full 0):
 garbage-first heap   total 75776K, used 55526K [0x0000000702600000, 0x0000000800000000)
  region size 2048K, 16 young (32768K), 3 survivors (6144K)
 Metaspace       used 52646K, committed 52864K, reserved 1097728K
  class space    used 6102K, committed 6208K, reserved 1048576K
}
Event: 23.508 GC heap after
{Heap after GC invocations=14 (full 0):
 garbage-first heap   total 75776K, used 33013K [0x0000000702600000, 0x0000000800000000)
  region size 2048K, 2 young (4096K), 2 survivors (4096K)
 Metaspace       used 52646K, committed 52864K, reserved 1097728K
  class space    used 6102K, committed 6208K, reserved 1048576K
}
Event: 26.002 GC heap before
{Heap before GC invocations=14 (full 0):
 garbage-first heap   total 75776K, used 55541K [0x0000000702600000, 0x0000000800000000)
  region size 2048K, 13 young (26624K), 2 survivors (4096K)
 Metaspace       used 54025K, committed 54336K, reserved 1097728K
  class space    used 6142K, committed 6272K, reserved 1048576K
}
Event: 26.028 GC heap after
{Heap after GC invocations=15 (full 0):
 garbage-first heap   total 75776K, used 36214K [0x0000000702600000, 0x0000000800000000)
  region size 2048K, 2 young (4096K), 2 survivors (4096K)
 Metaspace       used 54025K, committed 54336K, reserved 1097728K
  class space    used 6142K, committed 6272K, reserved 1048576K
}
Event: 28.930 GC heap before
{Heap before GC invocations=15 (full 0):
 garbage-first heap   total 75776K, used 56694K [0x0000000702600000, 0x0000000800000000)
  region size 2048K, 12 young (24576K), 2 survivors (4096K)
 Metaspace       used 56432K, committed 56704K, reserved 1105920K
  class space    used 6368K, committed 6464K, reserved 1048576K
}
Event: 28.955 GC heap after
{Heap after GC invocations=16 (full 0):
 garbage-first heap   total 75776K, used 37129K [0x0000000702600000, 0x0000000800000000)
  region size 2048K, 1 young (2048K), 1 survivors (2048K)
 Metaspace       used 56432K, committed 56704K, reserved 1105920K
  class space    used 6368K, committed 6464K, reserved 1048576K
}
Event: 30.510 GC heap before
{Heap before GC invocations=16 (full 0):
 garbage-first heap   total 75776K, used 53513K [0x0000000702600000, 0x0000000800000000)
  region size 2048K, 10 young (20480K), 1 survivors (2048K)
 Metaspace       used 60081K, committed 60288K, reserved 1105920K
  class space    used 6726K, committed 6848K, reserved 1048576K
}
Event: 30.525 GC heap after
{Heap after GC invocations=17 (full 0):
 garbage-first heap   total 75776K, used 38404K [0x0000000702600000, 0x0000000800000000)
  region size 2048K, 2 young (4096K), 2 survivors (4096K)
 Metaspace       used 60081K, committed 60288K, reserved 1105920K
  class space    used 6726K, committed 6848K, reserved 1048576K
}
Event: 32.444 GC heap before
{Heap before GC invocations=18 (full 0):
 garbage-first heap   total 75776K, used 54788K [0x0000000702600000, 0x0000000800000000)
  region size 2048K, 11 young (22528K), 2 survivors (4096K)
 Metaspace       used 63865K, committed 64192K, reserved 1114112K
  class space    used 7163K, committed 7296K, reserved 1048576K
}
Event: 32.461 GC heap after
{Heap after GC invocations=19 (full 0):
 garbage-first heap   total 75776K, used 39964K [0x0000000702600000, 0x0000000800000000)
  region size 2048K, 2 young (4096K), 2 survivors (4096K)
 Metaspace       used 63865K, committed 64192K, reserved 1114112K
  class space    used 7163K, committed 7296K, reserved 1048576K
}
Event: 32.604 GC heap before
{Heap before GC invocations=19 (full 0):
 garbage-first heap   total 75776K, used 39964K [0x0000000702600000, 0x0000000800000000)
  region size 2048K, 3 young (6144K), 2 survivors (4096K)
 Metaspace       used 64428K, committed 64704K, reserved 1114112K
  class space    used 7215K, committed 7296K, reserved 1048576K
}
Event: 32.621 GC heap after
{Heap after GC invocations=20 (full 0):
 garbage-first heap   total 92160K, used 40044K [0x0000000702600000, 0x0000000800000000)
  region size 2048K, 1 young (2048K), 1 survivors (2048K)
 Metaspace       used 64428K, committed 64704K, reserved 1114112K
  class space    used 7215K, committed 7296K, reserved 1048576K
}
Event: 34.690 GC heap before
{Heap before GC invocations=20 (full 0):
 garbage-first heap   total 92160K, used 66668K [0x0000000702600000, 0x0000000800000000)
  region size 2048K, 15 young (30720K), 1 survivors (2048K)
 Metaspace       used 70924K, committed 71232K, reserved 1114112K
  class space    used 7825K, committed 7936K, reserved 1048576K
}
Event: 34.699 GC heap after
{Heap after GC invocations=21 (full 0):
 garbage-first heap   total 92160K, used 41314K [0x0000000702600000, 0x0000000800000000)
  region size 2048K, 1 young (2048K), 1 survivors (2048K)
 Metaspace       used 70924K, committed 71232K, reserved 1114112K
  class space    used 7825K, committed 7936K, reserved 1048576K
}
Event: 37.662 GC heap before
{Heap before GC invocations=21 (full 0):
 garbage-first heap   total 92160K, used 67938K [0x0000000702600000, 0x0000000800000000)
  region size 2048K, 15 young (30720K), 1 survivors (2048K)
 Metaspace       used 76218K, committed 76480K, reserved 1122304K
  class space    used 8269K, committed 8384K, reserved 1048576K
}
Event: 37.675 GC heap after
{Heap after GC invocations=22 (full 0):
 garbage-first heap   total 92160K, used 43422K [0x0000000702600000, 0x0000000800000000)
  region size 2048K, 2 young (4096K), 2 survivors (4096K)
 Metaspace       used 76218K, committed 76480K, reserved 1122304K
  class space    used 8269K, committed 8384K, reserved 1048576K
}

Dll operation events (2 events):
Event: 0.027 Loaded shared library C:\Program Files\Android\Android Studio\jbr\bin\java.dll
Event: 8.298 Loaded shared library C:\Program Files\Android\Android Studio\jbr\bin\verify.dll

Deoptimization events (20 events):
Event: 38.136 Thread 0x0000021c331967e0 Uncommon trap: trap_request=0xffffffde fr.pc=0x0000021c3faa0db0 relative=0x00000000000005f0
Event: 38.136 Thread 0x0000021c331967e0 Uncommon trap: reason=class_check action=maybe_recompile pc=0x0000021c3faa0db0 method=java.util.regex.Matcher.search(I)Z @ 121 c2
Event: 38.136 Thread 0x0000021c331967e0 DEOPT PACKING pc=0x0000021c3faa0db0 sp=0x000000f0436fd0f0
Event: 38.136 Thread 0x0000021c331967e0 DEOPT UNPACKING pc=0x0000021c3f3b69a3 sp=0x000000f0436fd0a0 mode 2
Event: 38.136 Thread 0x0000021c331967e0 Uncommon trap: trap_request=0xffffffde fr.pc=0x0000021c3faa0db0 relative=0x00000000000005f0
Event: 38.136 Thread 0x0000021c331967e0 Uncommon trap: reason=class_check action=maybe_recompile pc=0x0000021c3faa0db0 method=java.util.regex.Matcher.search(I)Z @ 121 c2
Event: 38.136 Thread 0x0000021c331967e0 DEOPT PACKING pc=0x0000021c3faa0db0 sp=0x000000f0436fd0f0
Event: 38.136 Thread 0x0000021c331967e0 DEOPT UNPACKING pc=0x0000021c3f3b69a3 sp=0x000000f0436fd0a0 mode 2
Event: 38.179 Thread 0x0000021c331967e0 Uncommon trap: trap_request=0xffffff5c fr.pc=0x0000021c3fbbae94 relative=0x00000000000004f4
Event: 38.179 Thread 0x0000021c331967e0 Uncommon trap: reason=speculate_null_check action=make_not_entrant pc=0x0000021c3fbbae94 method=org.jetbrains.kotlin.codegen.optimization.nullCheck.RedundantNullCheckMethodTransformerKt.isCheckExpressionValueIsNotNull(Lorg/jetbrains/org/objectweb/asm/tree
Event: 38.179 Thread 0x0000021c331967e0 DEOPT PACKING pc=0x0000021c3fbbae94 sp=0x000000f0436fd9a0
Event: 38.179 Thread 0x0000021c331967e0 DEOPT UNPACKING pc=0x0000021c3f3b69a3 sp=0x000000f0436fd8e0 mode 2
Event: 38.831 Thread 0x0000021c331967e0 Uncommon trap: trap_request=0xffffff45 fr.pc=0x0000021c3fc124d8 relative=0x0000000000000158
Event: 38.831 Thread 0x0000021c331967e0 Uncommon trap: reason=unstable_if action=reinterpret pc=0x0000021c3fc124d8 method=java.util.concurrent.ConcurrentHashMap.clear()V @ 12 c2
Event: 38.831 Thread 0x0000021c331967e0 DEOPT PACKING pc=0x0000021c3fc124d8 sp=0x000000f0436fe5e0
Event: 38.831 Thread 0x0000021c331967e0 DEOPT UNPACKING pc=0x0000021c3f3b69a3 sp=0x000000f0436fe548 mode 2
Event: 38.841 Thread 0x0000021c331967e0 Uncommon trap: trap_request=0xffffff45 fr.pc=0x0000021c3fd9a318 relative=0x0000000000000198
Event: 38.841 Thread 0x0000021c331967e0 Uncommon trap: reason=unstable_if action=reinterpret pc=0x0000021c3fd9a318 method=java.lang.StringLatin1.compareToCI([B[B)I @ 31 c2
Event: 38.841 Thread 0x0000021c331967e0 DEOPT PACKING pc=0x0000021c3fd9a318 sp=0x000000f0436fe700
Event: 38.841 Thread 0x0000021c331967e0 DEOPT UNPACKING pc=0x0000021c3f3b69a3 sp=0x000000f0436fe678 mode 2

Classes unloaded (0 events):
No events

Classes redefined (0 events):
No events

Internal exceptions (20 events):
Event: 18.448 Thread 0x0000021c331967e0 Implicit null exception at 0x0000021c3faca010 to 0x0000021c3faca3f8
Event: 18.505 Thread 0x0000021c331967e0 Implicit null exception at 0x0000021c3f9ba790 to 0x0000021c3f9bab58
Event: 18.746 Thread 0x0000021c331967e0 Implicit null exception at 0x0000021c3f9e2e4c to 0x0000021c3f9e2f54
Event: 18.944 Thread 0x0000021c331967e0 Exception <a 'java/lang/NoSuchMethodError'{0x0000000705685b00}: 'int java.lang.invoke.DirectMethodHandle$Holder.invokeStaticInit(java.lang.Object, int)'> (0x0000000705685b00) 
thrown [s\src\hotspot\share\interpreter\linkResolver.cpp, line 771]
Event: 19.334 Thread 0x0000021c331967e0 Exception <a 'java/lang/NoSuchMethodError'{0x000000070544a2b8}: 'java.lang.Object java.lang.invoke.DirectMethodHandle$Holder.newInvokeSpecial(java.lang.Object, java.lang.Object, java.lang.Object, java.lang.Object, java.lang.Object, java.lang.Object, java.lang.Object)'> (0x000000070544a2b8) 
thrown [s\src\hotspot\share\interpreter\linkResolver.cpp, line 771]
Event: 19.336 Thread 0x0000021c331967e0 Exception <a 'java/lang/NoSuchMethodError'{0x000000070544ee70}: 'java.lang.Object java.lang.invoke.Invokers$Holder.linkToTargetMethod(java.lang.Object, java.lang.Object, java.lang.Object, java.lang.Object, java.lang.Object, java.lang.Object, java.lang.Object)'> (0x000000070544ee70) 
thrown [s\src\hotspot\share\interpreter\linkResolver.cpp, line 771]
Event: 19.806 Thread 0x0000021c331967e0 Exception <a 'java/lang/NoSuchMethodError'{0x0000000704e1e4b0}: 'java.lang.Object java.lang.invoke.DirectMethodHandle$Holder.newInvokeSpecial(java.lang.Object, int, java.lang.Object)'> (0x0000000704e1e4b0) 
thrown [s\src\hotspot\share\interpreter\linkResolver.cpp, line 771]
Event: 19.808 Thread 0x0000021c331967e0 Exception <a 'java/lang/NoSuchMethodError'{0x0000000704e28240}: 'int java.lang.invoke.DirectMethodHandle$Holder.invokeInterface(java.lang.Object, java.lang.Object)'> (0x0000000704e28240) 
thrown [s\src\hotspot\share\interpreter\linkResolver.cpp, line 771]
Event: 20.129 Thread 0x0000021c331967e0 Exception <a 'java/lang/NoSuchMethodError'{0x0000000712223f78}: 'java.lang.Object java.lang.invoke.DirectMethodHandle$Holder.invokeInterface(java.lang.Object, java.lang.Object, java.lang.Object)'> (0x0000000712223f78) 
thrown [s\src\hotspot\share\interpreter\linkResolver.cpp, line 771]
Event: 20.130 Thread 0x0000021c331967e0 Exception <a 'java/lang/IncompatibleClassChangeError'{0x0000000712227e38}: Found class java.lang.Object, but interface was expected> (0x0000000712227e38) 
thrown [s\src\hotspot\share\interpreter\linkResolver.cpp, line 838]
Event: 25.075 Thread 0x0000021c331967e0 Implicit null exception at 0x0000021c3fa737ac to 0x0000021c3fa73890
Event: 25.813 Thread 0x0000021c331967e0 Exception <a 'java/lang/NoSuchMethodError'{0x0000000705ac54e8}: 'java.lang.Object java.lang.invoke.DirectMethodHandle$Holder.newInvokeSpecial(java.lang.Object, int, java.lang.Object, java.lang.Object)'> (0x0000000705ac54e8) 
thrown [s\src\hotspot\share\interpreter\linkResolver.cpp, line 771]
Event: 26.338 Thread 0x0000021c331967e0 Exception <a 'java/lang/NoSuchMethodError'{0x000000070a1831b8}: 'java.lang.Object java.lang.invoke.DirectMethodHandle$Holder.invokeStatic(java.lang.Object, int, java.lang.Object)'> (0x000000070a1831b8) 
thrown [s\src\hotspot\share\interpreter\linkResolver.cpp, line 771]
Event: 29.125 Thread 0x0000021c331967e0 Exception <a 'java/lang/NoSuchMethodError'{0x00000007122fad80}: 'java.lang.Object java.lang.invoke.DirectMethodHandle$Holder.invokeStaticInit(java.lang.Object, java.lang.Object, java.lang.Object, java.lang.Object)'> (0x00000007122fad80) 
thrown [s\src\hotspot\share\interpreter\linkResolver.cpp, line 771]
Event: 30.527 Thread 0x0000021c331967e0 Exception <a 'java/lang/NoSuchMethodError'{0x0000000712205f00}: 'java.lang.Object java.lang.invoke.DirectMethodHandle$Holder.newInvokeSpecial(java.lang.Object, java.lang.Object, java.lang.Object, int, int)'> (0x0000000712205f00) 
thrown [s\src\hotspot\share\interpreter\linkResolver.cpp, line 771]
Event: 30.528 Thread 0x0000021c331967e0 Exception <a 'java/lang/NoSuchMethodError'{0x0000000712209d40}: 'java.lang.Object java.lang.invoke.DirectMethodHandle$Holder.invokeSpecial(java.lang.Object, java.lang.Object, java.lang.Object, java.lang.Object, int, int)'> (0x0000000712209d40) 
thrown [s\src\hotspot\share\interpreter\linkResolver.cpp, line 771]
Event: 30.720 Thread 0x0000021c331967e0 Exception <a 'java/lang/NoSuchMethodError'{0x000000070a007808}: 'java.lang.Object java.lang.invoke.DirectMethodHandle$Holder.invokeSpecial(java.lang.Object, java.lang.Object, int, int, java.lang.Object, java.lang.Object, java.lang.Object, java.lang.Object, java.lang.Object)'> (0x000000070a007808) 
thrown [s\src\hotspot\share\interpreter\linkResolver.cpp, line 771]
Event: 31.570 Thread 0x0000021c331967e0 Exception <a 'java/lang/NoSuchMethodError'{0x00000007066736d0}: 'java.lang.Object java.lang.invoke.DirectMethodHandle$Holder.newInvokeSpecial(java.lang.Object, java.lang.Object, int, int, java.lang.Object, java.lang.Object, java.lang.Object)'> (0x00000007066736d0) 
thrown [s\src\hotspot\share\interpreter\linkResolver.cpp, line 771]
Event: 31.571 Thread 0x0000021c331967e0 Exception <a 'java/lang/NoSuchMethodError'{0x0000000706677d68}: 'java.lang.Object java.lang.invoke.DirectMethodHandle$Holder.invokeSpecial(java.lang.Object, java.lang.Object, java.lang.Object, int, int, java.lang.Object, java.lang.Object, java.lang.Object)'> (0x0000000706677d68) 
thrown [s\src\hotspot\share\interpreter\linkResolver.cpp, line 771]
Event: 38.831 Thread 0x0000021c331967e0 Implicit null exception at 0x0000021c3fc123b2 to 0x0000021c3fc124c8

VM Operations (20 events):
Event: 36.944 Executing VM operation: HandshakeAllThreads
Event: 36.944 Executing VM operation: HandshakeAllThreads done
Event: 36.947 Executing VM operation: HandshakeAllThreads
Event: 36.947 Executing VM operation: HandshakeAllThreads done
Event: 37.123 Executing VM operation: ICBufferFull
Event: 37.123 Executing VM operation: ICBufferFull done
Event: 37.374 Executing VM operation: HandshakeAllThreads
Event: 37.374 Executing VM operation: HandshakeAllThreads done
Event: 37.506 Executing VM operation: ICBufferFull
Event: 37.507 Executing VM operation: ICBufferFull done
Event: 37.662 Executing VM operation: G1CollectForAllocation
Event: 37.675 Executing VM operation: G1CollectForAllocation done
Event: 37.828 Executing VM operation: HandshakeAllThreads
Event: 37.828 Executing VM operation: HandshakeAllThreads done
Event: 37.866 Executing VM operation: HandshakeAllThreads
Event: 37.866 Executing VM operation: HandshakeAllThreads done
Event: 38.770 Executing VM operation: HandshakeAllThreads
Event: 38.770 Executing VM operation: HandshakeAllThreads done
Event: 38.770 Executing VM operation: Cleanup
Event: 38.785 Executing VM operation: Cleanup done

Events (20 events):
Event: 37.899 Thread 0x0000021c5450a6e0 flushing nmethod 0x0000021c39a7c610
Event: 37.899 Thread 0x0000021c5450a6e0 flushing nmethod 0x0000021c39a7da90
Event: 37.899 Thread 0x0000021c5450a6e0 flushing nmethod 0x0000021c39a7e090
Event: 37.899 Thread 0x0000021c5450a6e0 flushing nmethod 0x0000021c39a81f90
Event: 37.899 Thread 0x0000021c5450a6e0 flushing nmethod 0x0000021c39a82b90
Event: 37.899 Thread 0x0000021c5450a6e0 flushing nmethod 0x0000021c39a86c90
Event: 37.899 Thread 0x0000021c5450a6e0 flushing nmethod 0x0000021c39a8dc10
Event: 37.899 Thread 0x0000021c5450a6e0 flushing nmethod 0x0000021c39a8e210
Event: 37.900 Thread 0x0000021c5450a6e0 flushing nmethod 0x0000021c39aa0110
Event: 37.900 Thread 0x0000021c5450a6e0 flushing nmethod 0x0000021c39aa1410
Event: 37.900 Thread 0x0000021c5450a6e0 flushing nmethod 0x0000021c39ab1310
Event: 37.900 Thread 0x0000021c5450a6e0 flushing nmethod 0x0000021c39ab3e10
Event: 38.134 loading class java/util/regex/Pattern$Dollar
Event: 38.134 loading class java/util/regex/Pattern$Dollar done
Event: 38.575 Thread 0x0000021c57b99d40 Thread added: 0x0000021c57b99d40
Event: 38.630 Thread 0x0000021c57b9a760 Thread added: 0x0000021c57b9a760
Event: 38.647 loading class java/io/FileOutputStream$1
Event: 38.648 loading class java/io/FileOutputStream$1 done
Event: 38.837 loading class java/util/Comparators$NullComparator
Event: 38.837 loading class java/util/Comparators$NullComparator done


Dynamic libraries:
0x00007ff7d8850000 - 0x00007ff7d885a000 	C:\Program Files\Android\Android Studio\jbr\bin\java.exe
0x00007ffb117f0000 - 0x00007ffb119e8000 	C:\WINDOWS\SYSTEM32\ntdll.dll
0x00007ffb104f0000 - 0x00007ffb105ad000 	C:\WINDOWS\System32\KERNEL32.DLL
0x00007ffb0f050000 - 0x00007ffb0f346000 	C:\WINDOWS\System32\KERNELBASE.dll
0x00007ffb0f6d0000 - 0x00007ffb0f7d0000 	C:\WINDOWS\System32\ucrtbase.dll
0x00007ffaf8900000 - 0x00007ffaf8917000 	C:\Program Files\Android\Android Studio\jbr\bin\jli.dll
0x00007ffb10270000 - 0x00007ffb1040f000 	C:\WINDOWS\System32\USER32.dll
0x00007ffb0f020000 - 0x00007ffb0f042000 	C:\WINDOWS\System32\win32u.dll
0x00007ffb0f8f0000 - 0x00007ffb0f91b000 	C:\WINDOWS\System32\GDI32.dll
0x00007ffb0f540000 - 0x00007ffb0f657000 	C:\WINDOWS\System32\gdi32full.dll
0x00007ffb0eea0000 - 0x00007ffb0ef3d000 	C:\WINDOWS\System32\msvcp_win.dll
0x00007ffae84a0000 - 0x00007ffae84bb000 	C:\Program Files\Android\Android Studio\jbr\bin\VCRUNTIME140.dll
0x00007ffaed740000 - 0x00007ffaed9da000 	C:\WINDOWS\WinSxS\amd64_microsoft.windows.common-controls_6595b64144ccf1df_6.0.19041.3636_none_60b6a03d71f818d5\COMCTL32.dll
0x00007ffb0f920000 - 0x00007ffb0f9be000 	C:\WINDOWS\System32\msvcrt.dll
0x00007ffb10610000 - 0x00007ffb10642000 	C:\WINDOWS\System32\IMM32.DLL
0x00007ffaedb50000 - 0x00007ffaedb5c000 	C:\Program Files\Android\Android Studio\jbr\bin\vcruntime140_1.dll
0x00007ffa9f9e0000 - 0x00007ffa9fa6d000 	C:\Program Files\Android\Android Studio\jbr\bin\msvcp140.dll
0x00007ffa9acc0000 - 0x00007ffa9b92e000 	C:\Program Files\Android\Android Studio\jbr\bin\server\jvm.dll
0x00007ffb10f70000 - 0x00007ffb11020000 	C:\WINDOWS\System32\ADVAPI32.dll
0x00007ffb106c0000 - 0x00007ffb10760000 	C:\WINDOWS\System32\sechost.dll
0x00007ffb111d0000 - 0x00007ffb112f3000 	C:\WINDOWS\System32\RPCRT4.dll
0x00007ffb0ef40000 - 0x00007ffb0ef67000 	C:\WINDOWS\System32\bcrypt.dll
0x00007ffb06b10000 - 0x00007ffb06b19000 	C:\WINDOWS\SYSTEM32\WSOCK32.dll
0x00007ffb10650000 - 0x00007ffb106bb000 	C:\WINDOWS\System32\WS2_32.dll
0x00007ffaf2450000 - 0x00007ffaf2477000 	C:\WINDOWS\SYSTEM32\WINMM.dll
0x00007ffb07450000 - 0x00007ffb0745a000 	C:\WINDOWS\SYSTEM32\VERSION.dll
0x00007ffb0d6c0000 - 0x00007ffb0d6d2000 	C:\WINDOWS\SYSTEM32\kernel.appcore.dll
0x00007ffaec2e0000 - 0x00007ffaec2ea000 	C:\Program Files\Android\Android Studio\jbr\bin\jimage.dll
0x00007ffb0cc30000 - 0x00007ffb0ce14000 	C:\WINDOWS\SYSTEM32\DBGHELP.DLL
0x00007ffaf6b20000 - 0x00007ffaf6b54000 	C:\WINDOWS\SYSTEM32\dbgcore.DLL
0x00007ffb0f4b0000 - 0x00007ffb0f532000 	C:\WINDOWS\System32\bcryptPrimitives.dll
0x00007ffae8470000 - 0x00007ffae8495000 	C:\Program Files\Android\Android Studio\jbr\bin\java.dll
0x00007ffae43e0000 - 0x00007ffae43f8000 	C:\Program Files\Android\Android Studio\jbr\bin\zip.dll
0x00007ffb10800000 - 0x00007ffb10f6b000 	C:\WINDOWS\System32\SHELL32.dll
0x00007ffb0ce20000 - 0x00007ffb0d5be000 	C:\WINDOWS\SYSTEM32\windows.storage.dll
0x00007ffb11380000 - 0x00007ffb116d3000 	C:\WINDOWS\System32\combase.dll
0x00007ffb0e8d0000 - 0x00007ffb0e8fe000 	C:\WINDOWS\SYSTEM32\Wldp.dll
0x00007ffb116e0000 - 0x00007ffb117ad000 	C:\WINDOWS\System32\OLEAUT32.dll
0x00007ffb0f820000 - 0x00007ffb0f8cd000 	C:\WINDOWS\System32\SHCORE.dll
0x00007ffb105b0000 - 0x00007ffb10605000 	C:\WINDOWS\System32\shlwapi.dll
0x00007ffb0edd0000 - 0x00007ffb0edf3000 	C:\WINDOWS\SYSTEM32\profapi.dll
0x00007ffadbcb0000 - 0x00007ffadbcc9000 	C:\Program Files\Android\Android Studio\jbr\bin\net.dll
0x00007ffb03aa0000 - 0x00007ffb03baa000 	C:\WINDOWS\SYSTEM32\WINHTTP.dll
0x00007ffb0e5c0000 - 0x00007ffb0e62a000 	C:\WINDOWS\system32\mswsock.dll
0x00007ffadbc90000 - 0x00007ffadbca6000 	C:\Program Files\Android\Android Studio\jbr\bin\nio.dll
0x00007ffaea900000 - 0x00007ffaea910000 	C:\Program Files\Android\Android Studio\jbr\bin\verify.dll

dbghelp: loaded successfully - version: 4.0.5 - missing functions: none
symbol engine: initialized successfully - sym options: 0x614 - pdb path: .;C:\Program Files\Android\Android Studio\jbr\bin;C:\WINDOWS\SYSTEM32;C:\WINDOWS\WinSxS\amd64_microsoft.windows.common-controls_6595b64144ccf1df_6.0.19041.3636_none_60b6a03d71f818d5;C:\Program Files\Android\Android Studio\jbr\bin\server

VM Arguments:
java_command: org.jetbrains.kotlin.cli.jvm.K2JVMCompiler @D:\motherly_moments\build\smart_auth\20240508_6594013078175695866.compiler.options
java_class_path (initial): C:\Users\CompuCloud\.gradle\caches\modules-2\files-2.1\org.jetbrains.kotlin\kotlin-compiler-embeddable\1.9.23\460f3eeb4ac5383e60a09898bafa9b63838cc2ea\kotlin-compiler-embeddable-1.9.23.jar;C:\Users\CompuCloud\.gradle\caches\modules-2\files-2.1\org.jetbrains.kotlin\kotlin-stdlib\1.9.23\dbaadea1f5e68f790d242a91a38355a83ec38747\kotlin-stdlib-1.9.23.jar;C:\Users\CompuCloud\.gradle\caches\modules-2\files-2.1\org.jetbrains.kotlin\kotlin-script-runtime\1.9.23\1375a7343d05891119fac57f8b50a7578420ac27\kotlin-script-runtime-1.9.23.jar;C:\Users\CompuCloud\.gradle\caches\modules-2\files-2.1\org.jetbrains.kotlin\kotlin-reflect\1.6.10\1cbe9c92c12a94eea200d23c2bbaedaf3daf5132\kotlin-reflect-1.6.10.jar;C:\Users\CompuCloud\.gradle\caches\modules-2\files-2.1\org.jetbrains.kotlin\kotlin-daemon-embeddable\1.9.23\a6ad5e888015dc4f9eb828ea753167f256093c6a\kotlin-daemon-embeddable-1.9.23.jar;C:\Users\CompuCloud\.gradle\caches\modules-2\files-2.1\org.jetbrains.intellij.deps\trove4j\1.0.20200330\3afb14d5f9ceb459d724e907a21145e8ff394f02\trove4j-1.0.20200330.jar;C:\Users\CompuCloud\.gradle\caches\modules-2\files-2.1\org.jetbrains\annotations\13.0\919f0dfe192fb4e063e7dacadee7f8bb9a2672a9\annotations-13.0.jar
Launcher Type: SUN_STANDARD

[Global flags]
     intx CICompilerCount                          = 4                                         {product} {ergonomic}
     uint ConcGCThreads                            = 2                                         {product} {ergonomic}
     uint G1ConcRefinementThreads                  = 8                                         {product} {ergonomic}
   size_t G1HeapRegionSize                         = 2097152                                   {product} {ergonomic}
    uintx GCDrainStackTargetSize                   = 64                                        {product} {ergonomic}
   size_t InitialHeapSize                          = 266338304                                 {product} {ergonomic}
   size_t MarkStackSize                            = 4194304                                   {product} {ergonomic}
   size_t MaxHeapSize                              = 4255121408                                {product} {ergonomic}
   size_t MaxNewSize                               = 2552233984                                {product} {ergonomic}
   size_t MinHeapDeltaBytes                        = 2097152                                   {product} {ergonomic}
   size_t MinHeapSize                              = 8388608                                   {product} {ergonomic}
    uintx NonNMethodCodeHeapSize                   = 5839372                                {pd product} {ergonomic}
    uintx NonProfiledCodeHeapSize                  = 122909434                              {pd product} {ergonomic}
    uintx ProfiledCodeHeapSize                     = 122909434                              {pd product} {ergonomic}
    uintx ReservedCodeCacheSize                    = 251658240                              {pd product} {ergonomic}
     bool SegmentedCodeCache                       = true                                      {product} {ergonomic}
   size_t SoftMaxHeapSize                          = 4255121408                             {manageable} {ergonomic}
     bool UseCompressedClassPointers               = true                           {product lp64_product} {ergonomic}
     bool UseCompressedOops                        = true                           {product lp64_product} {ergonomic}
     bool UseG1GC                                  = true                                      {product} {ergonomic}
     bool UseLargePagesIndividualAllocation        = false                                  {pd product} {ergonomic}

Logging:
Log output configuration:
 #0: stdout all=warning uptime,level,tags
 #1: stderr all=off uptime,level,tags

Environment Variables:
JAVA_HOME=C:\Program Files\Android\Android Studio\jbr
CLASSPATH=D:\motherly_moments\android\\gradle\wrapper\gradle-wrapper.jar
PATH=C:\Program Files\Android\Android Studio\jbr\bin;C:\Python312\Scripts\;C:\Python312\;C:\Program Files (x86)\Common Files\Oracle\Java\javapath;C:\Users\CompuCloud\AppData\Local\Android\Sdk\platform-tools;C:\WINDOWS\system32;C:\WINDOWS;C:\WINDOWS\System32\Wbem;C:\WINDOWS\System32\WindowsPowerShell\v1.0\;C:\WINDOWS\System32\OpenSSH\;C:\Program Files\dotnet\;C:\Program Files\Java\jdk1.8.0_202\bin;C:\flutter\bin;C:\Program Files\nodejs\;C:\Program Files\Git\cmd;C:\Program Files\Microsoft SQL Server\130\Tools\Binn\;C:\Program Files\Microsoft SQL Server\Client SDK\ODBC\170\Tools\Binn\;C:\Program Files\Microsoft SQL Server\160\DTS\Binn\;C:\Program Files\Microsoft SQL Server\150\Tools\Binn\;C:\Program Files\Microsoft SQL Server\130\DTS\Binn\;C:\Program Files\Microsoft SQL Server\140\DTS\Binn\;C:\Program Files\Microsoft SQL Server\150\DTS\Binn\;C:\Program Files (x86)\Microsoft SQL Server\160\Tools\Binn\;C:\Program Files\Microsoft SQL Server\160\Tools\Binn\;C:\Program Files (x86)\Microsoft SQL Server\160\DTS\Binn\;C:\flutter\bin;C:\dart-sdk\bin;C:\Users\CompuCloud\AppData\Local\Microsoft\WindowsApps;C:\Users\CompuCloud\AppData\Local\Programs\Microsoft VS Code\bin;C:\Users\CompuCloud\.dotnet\tools;C:\Program Files\JetBrains\IntelliJ IDEA 2023.1.1\bin;;C:\Users\CompuCloud\AppData\Local\JetBrains\IntelliJ IDEA Community Edition 2023.2.1\bin;;C:\Users\CompuCloud\AppData\Roaming\npm;C:\flutter\bin\mingit\cmd;C:\flutter\bin\mingit\cmd
USERNAME=CompuCloud
OS=Windows_NT
PROCESSOR_IDENTIFIER=Intel64 Family 6 Model 142 Stepping 12, GenuineIntel
TMP=C:\Users\COMPUC~1\AppData\Local\Temp
TEMP=C:\Users\COMPUC~1\AppData\Local\Temp


JNI global refs:
JNI global refs: 9, weak refs: 0

JNI global refs memory usage: 843, weak refs: 209


---------------  S Y S T E M  ---------------

OS:
 Windows 10 , 64 bit Build 19041 (10.0.19041.3636)
OS uptime: 11 days 11:25 hours

CPU: total 8 (initial active 8) (4 cores per cpu, 2 threads per core) family 6 model 142 stepping 12 microcode 0xfa, cx8, cmov, fxsr, ht, mmx, 3dnowpref, sse, sse2, sse3, ssse3, sse4.1, sse4.2, popcnt, lzcnt, tsc, tscinvbit, avx, avx2, aes, erms, clmul, bmi1, bmi2, adx, fma, vzeroupper, clflush, clflushopt

Memory: 4k page, system-wide physical 16230M (2850M free)
TotalPageFile size 18278M (AvailPageFile size 2M)
current process WorkingSet (physical memory assigned to process): 278M, peak: 291M
current process commit charge ("private bytes"): 314M, peak: 360M

vm_info: OpenJDK 64-Bit Server VM (17.0.6+0-b2043.56-10027231) for windows-amd64 JRE (17.0.6+0-b2043.56-10027231), built on Apr 28 2023 00:43:19 by "androidbuild" with MS VC++ 16.10 / 16.11 (VS2019)

END.
